\BOOKMARK [0][-]{chapter.1}{\376\377\000D\000a\000r\000k\000\040\000E\000l\000f}{}% 1
\BOOKMARK [1][-]{section.1.1}{\376\377\000\040\000M\000e\000c\000h\000a\000n\000i\000c\000a\000l\000\040\000A\000s\000s\000a\000u\000l\000t\000\040\000S\000p\000i\000d\000e\000r\000\040}{chapter.1}% 2
\BOOKMARK [1][-]{section.1.2}{\376\377\000\040\000Q\000u\000e\000e\000n\000\040\000Y\000Y\000\040}{chapter.1}% 3
\BOOKMARK [1][-]{section.1.3}{\376\377\000?\000?\000?}{chapter.1}% 4
\BOOKMARK [1][-]{section.1.4}{\376\377\000?\000?\000?}{chapter.1}% 5
\BOOKMARK [1][-]{section.1.5}{\376\377\000\040\000S\000c\000o\000u\000t\000\040}{chapter.1}% 6
\BOOKMARK [0][-]{chapter.2}{\376\377\000D\000w\000a\000r\000f}{}% 7
\BOOKMARK [1][-]{section.2.1}{\376\377\000\040\000Z\000e\000p\000p\000e\000l\000i\000n\000\040}{chapter.2}% 8
\BOOKMARK [1][-]{section.2.2}{\376\377\000\040\000D\000w\000a\000r\000f\000\040\000A\000T\000-\000g\000u\000n\000\040}{chapter.2}% 9
\BOOKMARK [1][-]{section.2.3}{\376\377\000\040\000E\000l\000i\000t\000e\000\040\000D\000w\000a\000r\000f\000\040\000w\000i\000t\000h\000\040\000E\000n\000h\000a\000n\000c\000e\000d\000\040\000H\000e\000a\000v\000y\000\040\000M\000u\000s\000k\000e\000t\000s\000\040}{chapter.2}% 10
\BOOKMARK [1][-]{section.2.4}{\376\377\000\040\000D\000w\000a\000r\000f\000\040\000I\000n\000f\000a\000n\000t\000r\000y\000\040}{chapter.2}% 11
\BOOKMARK [0][-]{chapter.3}{\376\377\000O\000r\000k}{}% 12
\BOOKMARK [1][-]{section.3.1}{\376\377\000\040\000H\000a\000m\000m\000e\000r\000H\000e\000a\000d\000\040}{chapter.3}% 13
\BOOKMARK [1][-]{section.3.2}{\376\377\000\040\000B\000i\000o\000E\000n\000g\000i\000n\000e\000e\000r\000e\000d\000\040\000O\000r\000k\000\040\000w\000i\000t\000h\000\040\000p\000i\000s\000t\000o\000l\000s}{chapter.3}% 14
\BOOKMARK [1][-]{section.3.3}{\376\377\000\040\000B\000i\000o\000E\000n\000g\000i\000n\000e\000e\000r\000e\000d\000\040\000O\000r\000k\000\040\000w\000i\000t\000h\000\040\000a\000s\000s\000a\000u\000l\000t\000\040\000M\000u\000s\000k\000e\000t\000s\000\040}{chapter.3}% 15
\BOOKMARK [1][-]{section.3.4}{\376\377\000\040\000S\000u\000p\000e\000r\000\040\000D\000a\000f\000f\000y}{chapter.3}% 16
\BOOKMARK [1][-]{section.3.5}{\376\377\000\040\000O\000r\000k\000\040\000I\000n\000f\000a\000n\000t\000r\000y\000\040}{chapter.3}% 17
\BOOKMARK [1][-]{section.3.6}{\376\377\000\040\000C\000h\000a\000m\000p\000i\000o\000n\000\040}{chapter.3}% 18
\BOOKMARK [0][-]{chapter.4}{\376\377\000G\000n\000o\000m\000e}{}% 19
\BOOKMARK [1][-]{section.4.1}{\376\377\000\040\000B\000a\000l\000l\000i\000s\000t\000a\000\040\000T\000r\000a\000c\000t\000o\000r\000,\000\040\000M\000a\000r\000k\000\040\000I\000\040}{chapter.4}% 20
\BOOKMARK [1][-]{section.4.2}{\376\377\000\040\000Q\000u\000a\000d\000\040\000B\000i\000k\000e\000\040}{chapter.4}% 21
\BOOKMARK [1][-]{section.4.3}{\376\377\000\040\000G\000n\000o\000m\000e\000\040\000I\000n\000f\000a\000n\000t\000r\000y\000\040}{chapter.4}% 22
\BOOKMARK [1][-]{section.4.4}{\376\377\000\040\000A\000s\000s\000a\000u\000l\000t\000\040\000B\000o\000t\000s\000\040}{chapter.4}% 23
\BOOKMARK [1][-]{section.4.5}{\376\377\000\040\000M\000e\000c\000h\000a\000n\000i\000c\000a\000l\000\040\000B\000a\000d\000g\000e\000r\000\040}{chapter.4}% 24
