\BOOKMARK [0][-]{chapter.1}{Standar DarkElf Army}{}% 1
\BOOKMARK [1][-]{section.1.1}{Infantry}{chapter.1}% 2
\BOOKMARK [1][-]{section.1.2}{Elite Mechanical Cavalry}{chapter.1}% 3
\BOOKMARK [1][-]{section.1.3}{Mechanical Assault Spider}{chapter.1}% 4
\BOOKMARK [1][-]{section.1.4}{Crossbow}{chapter.1}% 5
\BOOKMARK [1][-]{section.1.5}{Mechanical Imp}{chapter.1}% 6
\BOOKMARK [1][-]{section.1.6}{SMG}{chapter.1}% 7
\BOOKMARK [0][-]{chapter.2}{Standar Dwarf Army}{}% 8
\BOOKMARK [1][-]{section.2.1}{Dwarf Infantry}{chapter.2}% 9
\BOOKMARK [1][-]{section.2.2}{Tamed Balrog}{chapter.2}% 10
\BOOKMARK [1][-]{section.2.3}{GunBlasterWagon}{chapter.2}% 11
\BOOKMARK [1][-]{section.2.4}{Heavy Musket}{chapter.2}% 12
\BOOKMARK [1][-]{section.2.5}{Wheeled Shield Wall}{chapter.2}% 13
\BOOKMARK [0][-]{chapter.3}{Standar Elf Army}{}% 14
\BOOKMARK [1][-]{section.3.1}{Infantry}{chapter.3}% 15
\BOOKMARK [1][-]{section.3.2}{Illusion}{chapter.3}% 16
\BOOKMARK [1][-]{section.3.3}{Bear Rider}{chapter.3}% 17
\BOOKMARK [1][-]{section.3.4}{Tattoo Ink}{chapter.3}% 18
\BOOKMARK [1][-]{section.3.5}{Camuflouflage}{chapter.3}% 19
\BOOKMARK [1][-]{section.3.6}{Enhanced Rifle}{chapter.3}% 20
\BOOKMARK [1][-]{section.3.7}{SMG}{chapter.3}% 21
\BOOKMARK [1][-]{section.3.8}{Small grenade}{chapter.3}% 22
\BOOKMARK [0][-]{chapter.4}{Standar Ork Army}{}% 23
\BOOKMARK [1][-]{section.4.1}{Grunt}{chapter.4}% 24
\BOOKMARK [1][-]{section.4.2}{BioEngineered Ork}{chapter.4}% 25
\BOOKMARK [1][-]{section.4.3}{Warg Rider}{chapter.4}% 26
\BOOKMARK [1][-]{section.4.4}{Speedhead}{chapter.4}% 27
\BOOKMARK [1][-]{section.4.5}{Clockwork Monocular}{chapter.4}% 28
\BOOKMARK [1][-]{section.4.6}{Clockwork Shield}{chapter.4}% 29
\BOOKMARK [1][-]{section.4.7}{Flame-covered-axe}{chapter.4}% 30
\BOOKMARK [1][-]{section.4.8}{Ork Pistol}{chapter.4}% 31
