\BOOKMARK [0][-]{chapter.1}{\376\377\000D\000a\000r\000k\000\040\000E\000l\000f}{}% 1
\BOOKMARK [1][-]{section.1.1}{\376\377\000\040\000M\000e\000c\000h\000a\000n\000i\000c\000a\000l\000\040\000R\000e\000d\000\040\000D\000r\000a\000g\000o\000n\000\040}{chapter.1}% 2
\BOOKMARK [1][-]{section.1.2}{\376\377\000\040\000M\000e\000c\000h\000a\000n\000i\000c\000a\000l\000\040\000I\000r\000o\000n\000\040\000D\000r\000a\000g\000o\000n\000\040}{chapter.1}% 3
\BOOKMARK [1][-]{section.1.3}{\376\377\000\040\000Q\000u\000e\000e\000n\000\040\000Y\000Y\000\040}{chapter.1}% 4
\BOOKMARK [1][-]{section.1.4}{\376\377\000\040\000Q\000u\000e\000e\000n\000\040\000X\000Y\000\040}{chapter.1}% 5
\BOOKMARK [1][-]{section.1.5}{\376\377\000\040\000N\000i\000g\000h\000t\000m\000a\000r\000e\000\040\000M\000e\000c\000h\000a\000n\000i\000c\000a\000l\000\040\000C\000a\000v\000a\000l\000r\000y\000\040}{chapter.1}% 6
\BOOKMARK [1][-]{section.1.6}{\376\377\000\040\000E\000l\000i\000t\000e\000\040\000M\000e\000c\000h\000a\000n\000i\000c\000a\000l\000\040\000C\000a\000v\000a\000l\000r\000y\000\040}{chapter.1}% 7
\BOOKMARK [1][-]{section.1.7}{\376\377\000\040\000M\000e\000c\000h\000a\000n\000i\000c\000a\000l\000\040\000A\000s\000s\000a\000u\000l\000t\000\040\000S\000p\000i\000d\000e\000r\000\040}{chapter.1}% 8
\BOOKMARK [1][-]{section.1.8}{\376\377\000\040\000M\000e\000c\000h\000a\000n\000i\000c\000a\000l\000\040\000S\000c\000o\000r\000p\000i\000o\000n\000\040}{chapter.1}% 9
\BOOKMARK [1][-]{section.1.9}{\376\377\000\040\000D\000a\000r\000k\000\040\000E\000l\000f\000\040\000I\000n\000f\000a\000n\000t\000r\000y\000\040}{chapter.1}% 10
\BOOKMARK [1][-]{section.1.10}{\376\377\000\040\000M\000u\000l\000t\000i\000c\000u\000l\000t\000u\000r\000a\000l\000\040\000I\000n\000f\000a\000n\000t\000r\000y\000\040}{chapter.1}% 11
\BOOKMARK [1][-]{section.1.11}{\376\377\000\040\000M\000u\000l\000t\000i\000c\000u\000l\000t\000u\000r\000a\000l\000\040\000T\000r\000a\000i\000n\000e\000e\000\040}{chapter.1}% 12
\BOOKMARK [1][-]{section.1.12}{\376\377\000\040\000R\000o\000b\000o\000p\000r\000o\000s\000t\000h\000e\000t\000i\000c\000\040\000D\000a\000r\000k\000E\000l\000f\000\040}{chapter.1}% 13
\BOOKMARK [1][-]{section.1.13}{\376\377\000\040\000A\000s\000s\000a\000s\000i\000n\000\040}{chapter.1}% 14
\BOOKMARK [1][-]{section.1.14}{\376\377\000\040\000R\000o\000b\000o\000p\000r\000o\000s\000t\000h\000e\000t\000i\000c\000\040\000A\000s\000s\000a\000s\000i\000n\000\040}{chapter.1}% 15
\BOOKMARK [1][-]{section.1.15}{\376\377\000\040\000S\000c\000o\000u\000t\000\040}{chapter.1}% 16
\BOOKMARK [1][-]{section.1.16}{\376\377\000U\000p\000g\000r\000a\000d\000e\000a\000b\000l\000e\000\040\000U\000n\000i\000t\000s}{chapter.1}% 17
\BOOKMARK [1][-]{section.1.17}{\376\377\000E\000q\000u\000i\000p\000m\000e\000n\000t\000\040\000a\000n\000d\000\040\000t\000r\000a\000i\000n\000i\000n\000g\000\040\000U\000p\000g\000r\000a\000d\000e\000s}{chapter.1}% 18
\BOOKMARK [0][-]{chapter.2}{\376\377\000D\000w\000a\000r\000f}{}% 19
\BOOKMARK [1][-]{section.2.1}{\376\377\000\040\000D\000w\000a\000r\000f\000\040\000I\000n\000f\000a\000n\000t\000r\000y\000\040}{chapter.2}% 20
\BOOKMARK [1][-]{section.2.2}{\376\377\000\040\000D\000w\000a\000r\000f\000\040\000B\000r\000o\000t\000h\000e\000r\000\040\000i\000n\000\040\000a\000r\000m\000s\000\040}{chapter.2}% 21
\BOOKMARK [1][-]{section.2.3}{\376\377\000\040\000S\000t\000e\000a\000m\000P\000o\000w\000e\000r\000A\000r\000m\000o\000r\000\040}{chapter.2}% 22
\BOOKMARK [1][-]{section.2.4}{\376\377\000\040\000M\000i\000n\000i\000\040\000Z\000e\000p\000p\000e\000l\000i\000n\000\040}{chapter.2}% 23
\BOOKMARK [1][-]{section.2.5}{\376\377\000\040\000T\000r\000a\000n\000s\000p\000o\000r\000t\000\040\000Z\000e\000p\000p\000e\000l\000i\000n\000\040}{chapter.2}% 24
\BOOKMARK [1][-]{section.2.6}{\376\377\000\040\000D\000w\000a\000r\000f\000\040\000A\000T\000-\000g\000u\000n\000\040}{chapter.2}% 25
\BOOKMARK [1][-]{section.2.7}{\376\377\000\040\000G\000u\000n\000B\000l\000a\000s\000t\000e\000r\000W\000a\000g\000o\000n\000\040}{chapter.2}% 26
\BOOKMARK [1][-]{section.2.8}{\376\377\000\040\000D\000w\0004\0002\000\040}{chapter.2}% 27
\BOOKMARK [1][-]{section.2.9}{\376\377\000\040\000Z\000a\000p\000\040}{chapter.2}% 28
\BOOKMARK [1][-]{section.2.10}{\376\377\000\040\000Z\000e\000p\000p\000e\000l\000i\000n\000\040}{chapter.2}% 29
\BOOKMARK [1][-]{section.2.11}{\376\377\000\040\000T\000a\000m\000e\000d\000\040\000B\000a\000l\000r\000o\000g\000\040}{chapter.2}% 30
\BOOKMARK [1][-]{section.2.12}{\376\377\000U\000p\000g\000r\000a\000d\000e\000a\000b\000l\000e\000\040\000U\000n\000i\000t\000s}{chapter.2}% 31
\BOOKMARK [1][-]{section.2.13}{\376\377\000E\000q\000u\000i\000p\000m\000e\000n\000t\000\040\000a\000n\000d\000\040\000t\000r\000a\000i\000n\000i\000n\000g\000\040\000U\000p\000g\000r\000a\000d\000e\000s}{chapter.2}% 32
\BOOKMARK [0][-]{chapter.3}{\376\377\000E\000l\000f}{}% 33
\BOOKMARK [1][-]{section.3.1}{\376\377\000\040\000E\000l\000f\000\040\000I\000n\000f\000a\000n\000t\000r\000y\000\040}{chapter.3}% 34
\BOOKMARK [1][-]{section.3.2}{\376\377\000\040\000I\000l\000l\000u\000s\000i\000o\000n\000\040}{chapter.3}% 35
\BOOKMARK [1][-]{section.3.3}{\376\377\000\040\000E\000l\000f\000\040\000S\000c\000o\000u\000t\000\040}{chapter.3}% 36
\BOOKMARK [1][-]{section.3.4}{\376\377\000\040\000E\000l\000i\000t\000e\000\040\000E\000l\000f\000\040\000S\000c\000o\000u\000t\000\040}{chapter.3}% 37
\BOOKMARK [1][-]{section.3.5}{\376\377\000\040\000E\0003\0004\000\040}{chapter.3}% 38
\BOOKMARK [1][-]{section.3.6}{\376\377\000\040\000T\000a\000t\000t\000o\000o\000\040\000I\000n\000k\000\040}{chapter.3}% 39
\BOOKMARK [1][-]{section.3.7}{\376\377\000\040\000B\000e\000a\000r\000\040\000R\000i\000d\000e\000r\000\040}{chapter.3}% 40
\BOOKMARK [1][-]{section.3.8}{\376\377\000\040\000D\000i\000r\000e\000\040\000P\000o\000l\000a\000r\000\040\000B\000e\000a\000r\000\040\000R\000i\000d\000e\000r\000s\000\040}{chapter.3}% 41
\BOOKMARK [1][-]{section.3.9}{\376\377\000\040\000A\000r\000m\000o\000r\000e\000d\000\040\000U\000n\000i\000c\000o\000r\000n\000\040\000R\000i\000d\000e\000r\000\040}{chapter.3}% 42
\BOOKMARK [1][-]{section.3.10}{\376\377\000\040\000P\000a\000c\000h\000y\000e\000p\000h\000a\000l\000o\000s\000a\000u\000r\000u\000s\000\040\000R\000i\000d\000e\000r\000s\000\040}{chapter.3}% 43
\BOOKMARK [1][-]{section.3.11}{\376\377\000\040\000E\000l\000k\000\040\000C\000a\000v\000a\000l\000e\000r\000y\000\040}{chapter.3}% 44
\BOOKMARK [1][-]{section.3.12}{\376\377\000\040\000P\000e\000g\000a\000s\000u\000s\000\040\000R\000i\000d\000e\000r\000\040}{chapter.3}% 45
\BOOKMARK [1][-]{section.3.13}{\376\377\000\040\000S\000a\000o\000u\000r\000o\000p\000o\000d\000\040\000R\000i\000d\000e\000r\000\040}{chapter.3}% 46
\BOOKMARK [1][-]{section.3.14}{\376\377\000\040\000O\000l\000i\000p\000h\000a\000n\000t\000\040\000R\000i\000d\000e\000r\000\040}{chapter.3}% 47
\BOOKMARK [1][-]{section.3.15}{\376\377\000\040\000E\000a\000g\000l\000e\000\040\000R\000i\000d\000e\000r\000\040}{chapter.3}% 48
\BOOKMARK [1][-]{section.3.16}{\376\377\000U\000p\000g\000r\000a\000d\000e\000a\000b\000l\000e\000\040\000U\000n\000i\000t\000s}{chapter.3}% 49
\BOOKMARK [1][-]{section.3.17}{\376\377\000E\000q\000u\000i\000p\000m\000e\000n\000t\000\040\000a\000n\000d\000\040\000t\000r\000a\000i\000n\000i\000n\000g\000\040\000U\000p\000g\000r\000a\000d\000e\000s}{chapter.3}% 50
\BOOKMARK [0][-]{chapter.4}{\376\377\000O\000r\000k}{}% 51
\BOOKMARK [1][-]{section.4.1}{\376\377\000\040\000T\000r\000o\000l\000l\000\040}{chapter.4}% 52
\BOOKMARK [1][-]{section.4.2}{\376\377\000\040\000C\000h\000a\000m\000p\000i\000o\000n\000\040}{chapter.4}% 53
\BOOKMARK [1][-]{section.4.3}{\376\377\000\040\000W\000a\000r\000g\000\040\000R\000i\000d\000e\000r\000\040}{chapter.4}% 54
\BOOKMARK [1][-]{section.4.4}{\376\377\000\040\000S\000p\000e\000e\000d\000h\000e\000a\000d\000\040}{chapter.4}% 55
\BOOKMARK [1][-]{section.4.5}{\376\377\000\040\000H\000a\000m\000m\000e\000r\000H\000e\000a\000d\000\040}{chapter.4}% 56
\BOOKMARK [1][-]{section.4.6}{\376\377\000\040\000B\000a\000t\000t\000l\000e\000w\000a\000g\000o\000n\000\040}{chapter.4}% 57
\BOOKMARK [1][-]{section.4.7}{\376\377\000\040\000G\000r\000u\000n\000t\000\040}{chapter.4}% 58
\BOOKMARK [1][-]{section.4.8}{\376\377\000\040\000O\000r\000k\000\040\000W\000e\000r\000e\000W\000a\000r\000g\000\040}{chapter.4}% 59
\BOOKMARK [1][-]{section.4.9}{\376\377\000\040\000B\000i\000o\000E\000n\000g\000i\000n\000e\000e\000r\000e\000d\000\040\000O\000r\000k\000\040}{chapter.4}% 60
\BOOKMARK [1][-]{section.4.10}{\376\377\000\040\000O\000r\000k\000\040\000C\000h\000a\000r\000\040\000B\0001\000\040}{chapter.4}% 61
\BOOKMARK [1][-]{section.4.11}{\376\377\000U\000p\000g\000r\000a\000d\000e\000a\000b\000l\000e\000\040\000U\000n\000i\000t\000s}{chapter.4}% 62
\BOOKMARK [1][-]{section.4.12}{\376\377\000E\000q\000u\000i\000p\000m\000e\000n\000t\000\040\000a\000n\000d\000\040\000t\000r\000a\000i\000n\000i\000n\000g\000\040\000U\000p\000g\000r\000a\000d\000e\000s}{chapter.4}% 63
\BOOKMARK [0][-]{chapter.5}{\376\377\000G\000n\000o\000m\000e}{}% 64
\BOOKMARK [1][-]{section.5.1}{\376\377\000\040\000G\000n\000o\000m\000e\000\040\000I\000n\000f\000a\000n\000t\000r\000y\000\040}{chapter.5}% 65
\BOOKMARK [1][-]{section.5.2}{\376\377\000\040\000Q\000u\000a\000d\000\040\000B\000i\000k\000e\000\040}{chapter.5}% 66
\BOOKMARK [1][-]{section.5.3}{\376\377\000\040\000A\000s\000s\000a\000u\000l\000t\000\040\000B\000o\000t\000s\000\040}{chapter.5}% 67
\BOOKMARK [1][-]{section.5.4}{\376\377\000\040\000M\000e\000c\000h\000a\000n\000i\000c\000a\000l\000\040\000R\000a\000t\000\040}{chapter.5}% 68
\BOOKMARK [1][-]{section.5.5}{\376\377\000\040\000G\000n\000o\000m\000e\000\040\000M\000o\000t\000o\000r\000c\000y\000l\000e\000\040}{chapter.5}% 69
\BOOKMARK [1][-]{section.5.6}{\376\377\000\040\000B\000a\000l\000l\000i\000s\000t\000a\000\040\000D\000r\000o\000n\000e\000\040}{chapter.5}% 70
\BOOKMARK [1][-]{section.5.7}{\376\377\000\040\000B\000a\000l\000l\000i\000s\000t\000a\000\040\000T\000r\000a\000c\000t\000o\000r\000,\000\040\000M\000a\000r\000k\000\040\000I\000\040}{chapter.5}% 71
\BOOKMARK [1][-]{section.5.8}{\376\377\000\040\000B\000a\000l\000l\000i\000s\000t\000a\000\040\000T\000r\000a\000c\000t\000o\000r\000,\000\040\000M\000a\000r\000k\000\040\000I\000I\000\040}{chapter.5}% 72
\BOOKMARK [1][-]{section.5.9}{\376\377\000\040\000B\000a\000l\000l\000i\000s\000t\000a\000\040\000T\000r\000a\000c\000t\000o\000r\000,\000\040\000M\000a\000r\000k\000\040\000I\000I\000I\000\040}{chapter.5}% 73
\BOOKMARK [1][-]{section.5.10}{\376\377\000\040\000G\000n\000o\000m\000e\000\040\000H\000e\000l\000i\000c\000o\000p\000t\000e\000r\000\040}{chapter.5}% 74
\BOOKMARK [1][-]{section.5.11}{\376\377\000U\000p\000g\000r\000a\000d\000e\000a\000b\000l\000e\000\040\000U\000n\000i\000t\000s}{chapter.5}% 75
\BOOKMARK [1][-]{section.5.12}{\376\377\000E\000q\000u\000i\000p\000m\000e\000n\000t\000\040\000a\000n\000d\000\040\000t\000r\000a\000i\000n\000i\000n\000g\000\040\000U\000p\000g\000r\000a\000d\000e\000s}{chapter.5}% 76
\BOOKMARK [0][-]{chapter.6}{\376\377\000A\000b\000o\000m\000i\000n\000a\000t\000i\000o\000n}{}% 77
\BOOKMARK [1][-]{section.6.1}{\376\377\000\040\000A\000b\000o\000m\000i\000n\000a\000t\000i\000o\000n\000\040\000I\000n\000f\000a\000n\000t\000r\000y\000\040}{chapter.6}% 78
\BOOKMARK [1][-]{section.6.2}{\376\377\000\040\000H\000o\000r\000r\000o\000r\000\040}{chapter.6}% 79
\BOOKMARK [1][-]{section.6.3}{\376\377\000\040\000R\000o\000b\000o\000t\000\040\000C\000r\000a\000b\000\040}{chapter.6}% 80
\BOOKMARK [1][-]{section.6.4}{\376\377\000\040\000G\000i\000g\000a\000n\000t\000\040\000F\000r\000o\000g\000\040\000R\000i\000d\000e\000r\000s\000\040}{chapter.6}% 81
\BOOKMARK [1][-]{section.6.5}{\376\377\000\040\000H\000i\000p\000p\000o\000p\000o\000t\000a\000m\000u\000s\000\040\000R\000i\000d\000e\000r\000s\000\040}{chapter.6}% 82
\BOOKMARK [1][-]{section.6.6}{\376\377\000\040\000S\000q\000u\000\040}{chapter.6}% 83
\BOOKMARK [1][-]{section.6.7}{\376\377\000\040\000F\000r\000o\000s\000t\000\040\0008\0008\000\040}{chapter.6}% 84
\BOOKMARK [1][-]{section.6.8}{\376\377\000U\000p\000g\000r\000a\000d\000e\000a\000b\000l\000e\000\040\000U\000n\000i\000t\000s}{chapter.6}% 85
\BOOKMARK [1][-]{section.6.9}{\376\377\000E\000q\000u\000i\000p\000m\000e\000n\000t\000\040\000a\000n\000d\000\040\000t\000r\000a\000i\000n\000i\000n\000g\000\040\000U\000p\000g\000r\000a\000d\000e\000s}{chapter.6}% 86
\BOOKMARK [0][-]{chapter.7}{\376\377\000G\000o\000b\000l\000i\000n}{}% 87
\BOOKMARK [1][-]{section.7.1}{\376\377\000\040\000G\000o\000b\000l\000i\000n\000\040\000I\000n\000f\000a\000n\000t\000r\000y\000\040}{chapter.7}% 88
\BOOKMARK [1][-]{section.7.2}{\376\377\000\040\000G\000o\000b\000l\000i\000n\000\040\000I\000n\000f\000a\000n\000t\000r\000y\000\040\000c\000a\000r\000r\000i\000e\000r\000\040}{chapter.7}% 89
\BOOKMARK [1][-]{section.7.3}{\376\377\000\040\000H\000e\000a\000v\000y\000\040\000c\000a\000r\000r\000i\000e\000r\000\040}{chapter.7}% 90
\BOOKMARK [1][-]{section.7.4}{\376\377\000\040\000M\000e\000c\000h\000a\000n\000i\000c\000a\000l\000\040\000F\000i\000r\000e\000\040\000B\000i\000r\000d\000\040}{chapter.7}% 91
\BOOKMARK [1][-]{section.7.5}{\376\377\000U\000p\000g\000r\000a\000d\000e\000a\000b\000l\000e\000\040\000U\000n\000i\000t\000s}{chapter.7}% 92
\BOOKMARK [1][-]{section.7.6}{\376\377\000E\000q\000u\000i\000p\000m\000e\000n\000t\000\040\000a\000n\000d\000\040\000t\000r\000a\000i\000n\000i\000n\000g\000\040\000U\000p\000g\000r\000a\000d\000e\000s}{chapter.7}% 93
\BOOKMARK [0][-]{chapter.8}{\376\377\000O\000g\000e\000r}{}% 94
\BOOKMARK [1][-]{section.8.1}{\376\377\000\040\000O\000g\000e\000r\000\040\000I\000n\000f\000a\000n\000t\000r\000y\000\040}{chapter.8}% 95
\BOOKMARK [1][-]{section.8.2}{\376\377\000\040\000O\000g\000e\000r\000\040\000R\000o\000b\000o\000t\000\040}{chapter.8}% 96
\BOOKMARK [1][-]{section.8.3}{\376\377\000\040\000O\000g\000e\000r\000\040\000A\000s\000s\000a\000u\000l\000t\000\040\000S\000c\000o\000u\000t\000\040}{chapter.8}% 97
\BOOKMARK [1][-]{section.8.4}{\376\377\000\040\000D\000r\000o\000n\000e\000\040\000s\000w\000a\000r\000m\000\040}{chapter.8}% 98
\BOOKMARK [1][-]{section.8.5}{\376\377\000\040\000R\000e\000p\000a\000i\000r\000\040\000D\000r\000o\000n\000e\000\040}{chapter.8}% 99
\BOOKMARK [1][-]{section.8.6}{\376\377\000\040\000M\000e\000d\000i\000c\000\040\000D\000r\000o\000n\000e\000\040}{chapter.8}% 100
\BOOKMARK [1][-]{section.8.7}{\376\377\000\040\000M\000a\000i\000n\000\040\000e\000n\000g\000i\000n\000e\000\040}{chapter.8}% 101
\BOOKMARK [1][-]{section.8.8}{\376\377\000\040\000B\000r\000o\000a\000d\000s\000i\000d\000e\000\040\000W\000a\000g\000o\000n\000\040}{chapter.8}% 102
\BOOKMARK [1][-]{section.8.9}{\376\377\000\040\000A\000r\000t\000i\000l\000l\000e\000r\000y\000\040\000W\000a\000g\000o\000n\000\040}{chapter.8}% 103
\BOOKMARK [1][-]{section.8.10}{\376\377\000U\000p\000g\000r\000a\000d\000e\000a\000b\000l\000e\000\040\000U\000n\000i\000t\000s}{chapter.8}% 104
\BOOKMARK [1][-]{section.8.11}{\376\377\000E\000q\000u\000i\000p\000m\000e\000n\000t\000\040\000a\000n\000d\000\040\000t\000r\000a\000i\000n\000i\000n\000g\000\040\000U\000p\000g\000r\000a\000d\000e\000s}{chapter.8}% 105
