This is pdfTeX, Version 3.14159265-2.6-1.40.20 (TeX Live 2019/Debian) (preloaded format=pdflatex 2021.2.4)  31 DEC 2021 21:22
entering extended mode
 restricted \write18 enabled.
 %&-line parsing enabled.
**armies.tex
(./armies.tex
LaTeX2e <2020-02-02> patch level 2
L3 programming layer <2020-02-14>
(/usr/share/texlive/texmf-dist/tex/latex/base/book.cls
Document Class: book 2019/12/20 v1.4l Standard LaTeX document class
(/usr/share/texlive/texmf-dist/tex/latex/base/bk12.clo
File: bk12.clo 2019/12/20 v1.4l Standard LaTeX file (size option)
)
\c@part=\count167
\c@chapter=\count168
\c@section=\count169
\c@subsection=\count170
\c@subsubsection=\count171
\c@paragraph=\count172
\c@subparagraph=\count173
\c@figure=\count174
\c@table=\count175
\abovecaptionskip=\skip47
\belowcaptionskip=\skip48
\bibindent=\dimen134
)
(/usr/share/texlive/texmf-dist/tex/latex/base/inputenc.sty
Package: inputenc 2018/08/11 v1.3c Input encoding file
\inpenc@prehook=\toks14
\inpenc@posthook=\toks15

(/usr/share/texlive/texmf-dist/tex/latex/ucs/utf8x.def
File: utf8x.def 2004/10/17 UCS: Input encoding UTF-8
))
(/usr/share/texlive/texmf-dist/tex/latex/ucs/ucs.sty
Package: ucs 2013/05/11 v2.2 UCS: Unicode input support

(/usr/share/texlive/texmf-dist/tex/latex/ucs/data/uni-global.def
File: uni-global.def 2013/05/13 UCS: Unicode global data
)
\uc@secondtry=\count176
\uc@combtoks=\toks16
\uc@combtoksb=\toks17
\uc@temptokena=\toks18
)
(/usr/share/texlive/texmf-dist/tex/latex/ucs/ucshyper.sty
Package: ucshyper 2002/03/05 UCS: Unicode in Hyperref's PDF bookmarks

(/usr/share/texlive/texmf-dist/tex/latex/hyperref/hyperref.sty
Package: hyperref 2020/01/14 v7.00d Hypertext links for LaTeX

(/usr/share/texlive/texmf-dist/tex/generic/ltxcmds/ltxcmds.sty
Package: ltxcmds 2019/12/15 v1.24 LaTeX kernel commands for general use (HO)
)
(/usr/share/texlive/texmf-dist/tex/generic/iftex/iftex.sty
Package: iftex 2019/11/07 v1.0c TeX engine tests
)
(/usr/share/texlive/texmf-dist/tex/latex/pdftexcmds/pdftexcmds.sty
Package: pdftexcmds 2019/11/24 v0.31 Utility functions of pdfTeX for LuaTeX (HO
)

(/usr/share/texlive/texmf-dist/tex/generic/infwarerr/infwarerr.sty
Package: infwarerr 2019/12/03 v1.5 Providing info/warning/error messages (HO)
)
Package pdftexcmds Info: \pdf@primitive is available.
Package pdftexcmds Info: \pdf@ifprimitive is available.
Package pdftexcmds Info: \pdfdraftmode found.
)
(/usr/share/texlive/texmf-dist/tex/latex/graphics/keyval.sty
Package: keyval 2014/10/28 v1.15 key=value parser (DPC)
\KV@toks@=\toks19
)
(/usr/share/texlive/texmf-dist/tex/generic/kvsetkeys/kvsetkeys.sty
Package: kvsetkeys 2019/12/15 v1.18 Key value parser (HO)
)
(/usr/share/texlive/texmf-dist/tex/generic/kvdefinekeys/kvdefinekeys.sty
Package: kvdefinekeys 2019-12-19 v1.6 Define keys (HO)
)
(/usr/share/texlive/texmf-dist/tex/generic/pdfescape/pdfescape.sty
Package: pdfescape 2019/12/09 v1.15 Implements pdfTeX's escape features (HO)
)
(/usr/share/texlive/texmf-dist/tex/latex/hycolor/hycolor.sty
Package: hycolor 2020-01-27 v1.10 Color options for hyperref/bookmark (HO)
)
(/usr/share/texlive/texmf-dist/tex/latex/letltxmacro/letltxmacro.sty
Package: letltxmacro 2019/12/03 v1.6 Let assignment for LaTeX macros (HO)
)
(/usr/share/texlive/texmf-dist/tex/latex/auxhook/auxhook.sty
Package: auxhook 2019-12-17 v1.6 Hooks for auxiliary files (HO)
)
(/usr/share/texlive/texmf-dist/tex/latex/kvoptions/kvoptions.sty
Package: kvoptions 2019/11/29 v3.13 Key value format for package options (HO)
)
\@linkdim=\dimen135
\Hy@linkcounter=\count177
\Hy@pagecounter=\count178

(/usr/share/texlive/texmf-dist/tex/latex/hyperref/pd1enc.def
File: pd1enc.def 2020/01/14 v7.00d Hyperref: PDFDocEncoding definition (HO)
)
(/usr/share/texlive/texmf-dist/tex/generic/intcalc/intcalc.sty
Package: intcalc 2019/12/15 v1.3 Expandable calculations with integers (HO)
)
(/usr/share/texlive/texmf-dist/tex/generic/etexcmds/etexcmds.sty
Package: etexcmds 2019/12/15 v1.7 Avoid name clashes with e-TeX commands (HO)
)
\Hy@SavedSpaceFactor=\count179
\pdfmajorversion=\count180
Package hyperref Info: Option `unicode' set `true' on input line 4421.

(/usr/share/texlive/texmf-dist/tex/latex/hyperref/puenc.def
File: puenc.def 2020/01/14 v7.00d Hyperref: PDF Unicode definition (HO)
)
Package hyperref Info: Hyper figures OFF on input line 4547.
Package hyperref Info: Link nesting OFF on input line 4552.
Package hyperref Info: Hyper index ON on input line 4555.
Package hyperref Info: Plain pages OFF on input line 4562.
Package hyperref Info: Backreferencing OFF on input line 4567.
Package hyperref Info: Implicit mode ON; LaTeX internals redefined.
Package hyperref Info: Bookmarks ON on input line 4800.
\c@Hy@tempcnt=\count181

(/usr/share/texlive/texmf-dist/tex/latex/url/url.sty
\Urlmuskip=\muskip16
Package: url 2013/09/16  ver 3.4  Verb mode for urls, etc.
)
LaTeX Info: Redefining \url on input line 5159.
\XeTeXLinkMargin=\dimen136

(/usr/share/texlive/texmf-dist/tex/generic/bitset/bitset.sty
Package: bitset 2019/12/09 v1.3 Handle bit-vector datatype (HO)

(/usr/share/texlive/texmf-dist/tex/generic/bigintcalc/bigintcalc.sty
Package: bigintcalc 2019/12/15 v1.5 Expandable calculations on big integers (HO
)
))
\Fld@menulength=\count182
\Field@Width=\dimen137
\Fld@charsize=\dimen138
Package hyperref Info: Hyper figures OFF on input line 6430.
Package hyperref Info: Link nesting OFF on input line 6435.
Package hyperref Info: Hyper index ON on input line 6438.
Package hyperref Info: backreferencing OFF on input line 6445.
Package hyperref Info: Link coloring OFF on input line 6450.
Package hyperref Info: Link coloring with OCG OFF on input line 6455.
Package hyperref Info: PDF/A mode OFF on input line 6460.
LaTeX Info: Redefining \ref on input line 6500.
LaTeX Info: Redefining \pageref on input line 6504.

(/usr/share/texlive/texmf-dist/tex/generic/atbegshi/atbegshi.sty
Package: atbegshi 2019/12/05 v1.19 At begin shipout hook (HO)
)
\Hy@abspage=\count183
\c@Item=\count184
\c@Hfootnote=\count185
)
Package hyperref Info: Driver: hpdftex.

(/usr/share/texlive/texmf-dist/tex/latex/hyperref/hpdftex.def
File: hpdftex.def 2020/01/14 v7.00d Hyperref driver for pdfTeX

(/usr/share/texlive/texmf-dist/tex/latex/atveryend/atveryend.sty
Package: atveryend 2019-12-11 v1.11 Hooks at the very end of document (HO)
Package atveryend Info: \enddocument detected (standard20110627).
)
\Fld@listcount=\count186
\c@bookmark@seq@number=\count187

(/usr/share/texlive/texmf-dist/tex/latex/rerunfilecheck/rerunfilecheck.sty
Package: rerunfilecheck 2019/12/05 v1.9 Rerun checks for auxiliary files (HO)

(/usr/share/texlive/texmf-dist/tex/generic/uniquecounter/uniquecounter.sty
Package: uniquecounter 2019/12/15 v1.4 Provide unlimited unique counter (HO)
)
Package uniquecounter Info: New unique counter `rerunfilecheck' on input line 2
86.
)
\Hy@SectionHShift=\skip49
))
Package hyperref Info: Option `colorlinks' set `true' on input line 13.

(/usr/share/texlive/texmf-dist/tex/latex/l3backend/l3backend-pdfmode.def
File: l3backend-pdfmode.def 2020-02-03 L3 backend support: PDF mode
\l__kernel_color_stack_int=\count188
\l__pdf_internal_box=\box45
)

LaTeX Warning: Unused global option(s):
    [a4,color].

(./armies.aux (./darkelf.aux) (./Dwarf.aux) (./Ork.aux) (./Gnome.aux))
\openout1 = `armies.aux'.

LaTeX Font Info:    Checking defaults for OML/cmm/m/it on input line 22.
LaTeX Font Info:    ... okay on input line 22.
LaTeX Font Info:    Checking defaults for OMS/cmsy/m/n on input line 22.
LaTeX Font Info:    ... okay on input line 22.
LaTeX Font Info:    Checking defaults for OT1/cmr/m/n on input line 22.
LaTeX Font Info:    ... okay on input line 22.
LaTeX Font Info:    Checking defaults for T1/cmr/m/n on input line 22.
LaTeX Font Info:    ... okay on input line 22.
LaTeX Font Info:    Checking defaults for TS1/cmr/m/n on input line 22.
LaTeX Font Info:    ... okay on input line 22.
LaTeX Font Info:    Checking defaults for OMX/cmex/m/n on input line 22.
LaTeX Font Info:    ... okay on input line 22.
LaTeX Font Info:    Checking defaults for U/cmr/m/n on input line 22.
LaTeX Font Info:    ... okay on input line 22.
LaTeX Font Info:    Checking defaults for PD1/pdf/m/n on input line 22.
LaTeX Font Info:    ... okay on input line 22.
LaTeX Font Info:    Checking defaults for PU/pdf/m/n on input line 22.
LaTeX Font Info:    ... okay on input line 22.

(/usr/share/texlive/texmf-dist/tex/latex/ucs/ucsencs.def
File: ucsencs.def 2011/01/21 Fixes to fontencodings LGR, T3
)
\AtBeginShipoutBox=\box46

(/usr/share/texlive/texmf-dist/tex/latex/graphics/color.sty
Package: color 2019/11/23 v1.2a Standard LaTeX Color (DPC)

(/usr/share/texlive/texmf-dist/tex/latex/graphics-cfg/color.cfg
File: color.cfg 2016/01/02 v1.6 sample color configuration
)
Package color Info: Driver file: pdftex.def on input line 147.

(/usr/share/texlive/texmf-dist/tex/latex/graphics-def/pdftex.def
File: pdftex.def 2018/01/08 v1.0l Graphics/color driver for pdftex

(/usr/share/texlive/texmf-dist/tex/context/base/mkii/supp-pdf.mkii
[Loading MPS to PDF converter (version 2006.09.02).]
\scratchcounter=\count189
\scratchdimen=\dimen139
\scratchbox=\box47
\nofMPsegments=\count190
\nofMParguments=\count191
\everyMPshowfont=\toks20
\MPscratchCnt=\count192
\MPscratchDim=\dimen140
\MPnumerator=\count193
\makeMPintoPDFobject=\count194
\everyMPtoPDFconversion=\toks21
)))
Package hyperref Info: Link coloring ON on input line 22.
 (/usr/share/texlive/texmf-dist/tex/latex/hyperref/nameref.sty
Package: nameref 2019/09/16 v2.46 Cross-referencing by name of section

(/usr/share/texlive/texmf-dist/tex/latex/refcount/refcount.sty
Package: refcount 2019/12/15 v3.6 Data extraction from label references (HO)
)
(/usr/share/texlive/texmf-dist/tex/generic/gettitlestring/gettitlestring.sty
Package: gettitlestring 2019/12/15 v1.6 Cleanup title references (HO)
)
\c@section@level=\count195
)
LaTeX Info: Redefining \ref on input line 22.
LaTeX Info: Redefining \pageref on input line 22.
LaTeX Info: Redefining \nameref on input line 22.

(./armies.out) (./armies.out)
\@outlinefile=\write3
\openout3 = `armies.out'.

LaTeX Font Info:    External font `cmex10' loaded for size
(Font)              <14.4> on input line 24.
LaTeX Font Info:    External font `cmex10' loaded for size
(Font)              <7> on input line 24.

(/usr/share/texlive/texmf-dist/tex/latex/ucs/data/uni-0.def
File: uni-0.def 2013/05/13 UCS: Unicode data U+0000..U+00FF
) [1


{/var/lib/texmf/fonts/map/pdftex/updmap/pdftex.map}] [2

] (./armies.toc
LaTeX Font Info:    External font `cmex10' loaded for size
(Font)              <12> on input line 2.
LaTeX Font Info:    External font `cmex10' loaded for size
(Font)              <8> on input line 2.
LaTeX Font Info:    External font `cmex10' loaded for size
(Font)              <6> on input line 2.
 [3])
\tf@toc=\write4
\openout4 = `armies.toc'.

 [4]
Chapter 1.
[5

]
\openout2 = `darkelf.aux'.

 (./darkelf.tex (/usr/share/texlive/texmf-dist/tex/latex/ucs/data/uni-34.def
File: uni-34.def 2013/05/13 UCS: Unicode data U+2200..U+22FF
)
Underfull \hbox (badness 10000) in paragraph at lines 15--28

 []


Underfull \hbox (badness 10000) in paragraph at lines 15--28

 []


Underfull \hbox (badness 10000) in paragraph at lines 29--31

 []


Underfull \hbox (badness 10000) in paragraph at lines 34--37

 []


Underfull \hbox (badness 10000) in paragraph at lines 42--43

 []


Underfull \hbox (badness 10000) in paragraph at lines 46--50

 []


Underfull \hbox (badness 10000) in paragraph at lines 52--61

 []


Underfull \hbox (badness 10000) in paragraph at lines 52--61

 []


Underfull \hbox (badness 10000) in paragraph at lines 52--61

 []

[6

]
Underfull \vbox (badness 10000) has occurred while \output is active []

 [7]
Underfull \hbox (badness 10000) in paragraph at lines 85--98

 []


Underfull \hbox (badness 10000) in paragraph at lines 85--98

 []


Underfull \hbox (badness 10000) in paragraph at lines 99--101

 []


Underfull \hbox (badness 10000) in paragraph at lines 104--107

 []


Underfull \hbox (badness 10000) in paragraph at lines 111--112

 []


Underfull \hbox (badness 10000) in paragraph at lines 115--118

 []


Underfull \hbox (badness 10000) in paragraph at lines 123--124

 []

[8]
Underfull \hbox (badness 10000) in paragraph at lines 127--132

 []


Underfull \hbox (badness 10000) in paragraph at lines 134--143

 []


Underfull \hbox (badness 10000) in paragraph at lines 134--143

 []


Underfull \hbox (badness 10000) in paragraph at lines 134--143

 []


Underfull \vbox (badness 10000) has occurred while \output is active []

 [9]
Underfull \hbox (badness 10000) in paragraph at lines 167--178

 []


Underfull \hbox (badness 10000) in paragraph at lines 167--178

 []


Underfull \hbox (badness 10000) in paragraph at lines 179--183

 []


Underfull \hbox (badness 10000) in paragraph at lines 184--186

 []


Underfull \hbox (badness 10000) in paragraph at lines 189--191

 []


Underfull \hbox (badness 10000) in paragraph at lines 195--196

 []


Underfull \hbox (badness 10000) in paragraph at lines 199--200

 []

[10]
Underfull \hbox (badness 10000) in paragraph at lines 205--206

 []


Underfull \hbox (badness 10000) in paragraph at lines 209--220

 []


Underfull \hbox (badness 10000) in paragraph at lines 222--241

 []


Underfull \hbox (badness 10000) in paragraph at lines 222--241

 []


Underfull \hbox (badness 10000) in paragraph at lines 222--241

 []


Underfull \hbox (badness 10000) in paragraph at lines 222--241

 []


Underfull \hbox (badness 10000) in paragraph at lines 222--241

 []

[11]
Underfull \vbox (badness 10000) has occurred while \output is active []

 [12]
Underfull \hbox (badness 10000) in paragraph at lines 265--276

 []


Underfull \hbox (badness 10000) in paragraph at lines 265--276

 []


Underfull \hbox (badness 10000) in paragraph at lines 277--279

 []


Underfull \hbox (badness 10000) in paragraph at lines 280--281

 []


Underfull \hbox (badness 10000) in paragraph at lines 282--283

 []


Underfull \hbox (badness 10000) in paragraph at lines 286--290

 []


Underfull \hbox (badness 10000) in paragraph at lines 292--310

 []


Underfull \hbox (badness 10000) in paragraph at lines 292--310

 []


Underfull \hbox (badness 10000) in paragraph at lines 292--310

 []


Underfull \hbox (badness 10000) in paragraph at lines 292--310

 []


Underfull \hbox (badness 10000) in paragraph at lines 292--310

 []

[13]
Underfull \vbox (badness 10000) has occurred while \output is active []

 [14]
Underfull \hbox (badness 10000) in paragraph at lines 334--347

 []


Underfull \hbox (badness 10000) in paragraph at lines 334--347

 []


Underfull \hbox (badness 10000) in paragraph at lines 348--350

 []


Underfull \hbox (badness 10000) in paragraph at lines 353--355

 []


Underfull \hbox (badness 10000) in paragraph at lines 359--360

 []


Underfull \hbox (badness 10000) in paragraph at lines 363--367

 []


Underfull \hbox (badness 10000) in paragraph at lines 372--373

 []


Underfull \hbox (badness 10000) in paragraph at lines 376--393

 []


Underfull \hbox (badness 10000) in paragraph at lines 376--393

 []

[15]
Underfull \hbox (badness 10000) in paragraph at lines 395--403

 []


Underfull \hbox (badness 10000) in paragraph at lines 395--403

 []


Underfull \hbox (badness 10000) in paragraph at lines 395--403

 []


Underfull \vbox (badness 10000) has occurred while \output is active []

 [16]
Underfull \hbox (badness 10000) in paragraph at lines 427--441

 []


Underfull \hbox (badness 10000) in paragraph at lines 427--441

 []


Underfull \hbox (badness 10000) in paragraph at lines 442--444

 []


Underfull \hbox (badness 10000) in paragraph at lines 447--449

 []


Underfull \hbox (badness 10000) in paragraph at lines 453--454

 []


Underfull \hbox (badness 10000) in paragraph at lines 457--459

 []


Underfull \hbox (badness 10000) in paragraph at lines 464--465

 []


Underfull \hbox (badness 10000) in paragraph at lines 468--487

 []


Underfull \hbox (badness 10000) in paragraph at lines 468--487

 []

[17]
Underfull \hbox (badness 10000) in paragraph at lines 489--497

 []


Underfull \hbox (badness 10000) in paragraph at lines 489--497

 []


Underfull \hbox (badness 10000) in paragraph at lines 489--497

 []


Underfull \vbox (badness 10000) has occurred while \output is active []

 [18]
Underfull \hbox (badness 10000) in paragraph at lines 519--520

 []


Underfull \hbox (badness 10000) in paragraph at lines 522--533

 []


Underfull \hbox (badness 10000) in paragraph at lines 522--533

 []


Underfull \hbox (badness 10000) in paragraph at lines 534--536

 []


Underfull \hbox (badness 10000) in paragraph at lines 537--539

 []


Underfull \hbox (badness 10000) in paragraph at lines 542--544

 []


Underfull \hbox (badness 10000) in paragraph at lines 549--550

 []


Underfull \hbox (badness 10000) in paragraph at lines 553--561

 []


Underfull \hbox (badness 10000) in paragraph at lines 553--561

 []

[19]
Underfull \hbox (badness 10000) in paragraph at lines 563--578

 []


Underfull \hbox (badness 10000) in paragraph at lines 563--578

 []


Underfull \hbox (badness 10000) in paragraph at lines 563--578

 []


Underfull \hbox (badness 10000) in paragraph at lines 563--578

 []


Underfull \vbox (badness 10000) has occurred while \output is active []

 [20]
Underfull \hbox (badness 10000) in paragraph at lines 600--601

 []


Underfull \hbox (badness 10000) in paragraph at lines 603--614

 []


Underfull \hbox (badness 10000) in paragraph at lines 603--614

 []


Underfull \hbox (badness 10000) in paragraph at lines 615--616

 []


Underfull \hbox (badness 10000) in paragraph at lines 617--619

 []


Underfull \hbox (badness 10000) in paragraph at lines 622--623

 []


Underfull \hbox (badness 10000) in paragraph at lines 628--629

 []


Underfull \hbox (badness 10000) in paragraph at lines 632--655

 []


Underfull \hbox (badness 10000) in paragraph at lines 632--655

 []

[21]
Underfull \hbox (badness 10000) in paragraph at lines 657--664

 []


Underfull \hbox (badness 10000) in paragraph at lines 657--664

 []


Underfull \hbox (badness 10000) in paragraph at lines 657--664

 []


Underfull \vbox (badness 10000) has occurred while \output is active []

 [22]
Underfull \hbox (badness 10000) in paragraph at lines 686--687

 []


Underfull \hbox (badness 10000) in paragraph at lines 689--700

 []


Underfull \hbox (badness 10000) in paragraph at lines 689--700

 []


Underfull \hbox (badness 10000) in paragraph at lines 701--702

 []


Underfull \hbox (badness 10000) in paragraph at lines 703--705

 []


Underfull \hbox (badness 10000) in paragraph at lines 708--709

 []


Underfull \hbox (badness 10000) in paragraph at lines 714--715

 []


Underfull \hbox (badness 10000) in paragraph at lines 718--741

 []


Underfull \hbox (badness 10000) in paragraph at lines 718--741

 []

[23]
Underfull \hbox (badness 10000) in paragraph at lines 743--750

 []


Underfull \hbox (badness 10000) in paragraph at lines 743--750

 []


Underfull \hbox (badness 10000) in paragraph at lines 743--750

 []


Underfull \vbox (badness 10000) has occurred while \output is active []

 [24]
Underfull \hbox (badness 10000) in paragraph at lines 772--773

 []


Underfull \hbox (badness 10000) in paragraph at lines 775--787

 []


Underfull \hbox (badness 10000) in paragraph at lines 775--787

 []


Underfull \hbox (badness 10000) in paragraph at lines 788--790

 []


Underfull \hbox (badness 10000) in paragraph at lines 791--793

 []


Underfull \hbox (badness 10000) in paragraph at lines 796--797

 []


Underfull \hbox (badness 10000) in paragraph at lines 801--802

 []


Underfull \hbox (badness 10000) in paragraph at lines 803--812

 []

[25]
Underfull \hbox (badness 10000) in paragraph at lines 818--819

 []


Underfull \hbox (badness 10000) in paragraph at lines 822--845

 []


Underfull \hbox (badness 10000) in paragraph at lines 822--845

 []

[26]
Underfull \hbox (badness 10000) in paragraph at lines 847--852

 []


Underfull \hbox (badness 10000) in paragraph at lines 847--852

 []


Underfull \hbox (badness 10000) in paragraph at lines 847--852

 []


Underfull \vbox (badness 10000) has occurred while \output is active []

 [27]
Underfull \hbox (badness 10000) in paragraph at lines 874--875

 []


Underfull \hbox (badness 10000) in paragraph at lines 877--889

 []


Underfull \hbox (badness 10000) in paragraph at lines 877--889

 []


Underfull \hbox (badness 10000) in paragraph at lines 890--892

 []


Underfull \hbox (badness 10000) in paragraph at lines 893--895

 []


Underfull \hbox (badness 10000) in paragraph at lines 898--899

 []


Underfull \hbox (badness 10000) in paragraph at lines 903--904

 []


Underfull \hbox (badness 10000) in paragraph at lines 905--914

 []

[28]
Underfull \hbox (badness 10000) in paragraph at lines 920--921

 []


Underfull \hbox (badness 10000) in paragraph at lines 924--949

 []


Underfull \hbox (badness 10000) in paragraph at lines 924--949

 []

[29]
Underfull \hbox (badness 10000) in paragraph at lines 951--956

 []


Underfull \hbox (badness 10000) in paragraph at lines 951--956

 []


Underfull \hbox (badness 10000) in paragraph at lines 951--956

 []


Underfull \vbox (badness 10000) has occurred while \output is active []

 [30]
Underfull \hbox (badness 10000) in paragraph at lines 978--980

 []


Underfull \hbox (badness 10000) in paragraph at lines 982--993

 []


Underfull \hbox (badness 10000) in paragraph at lines 982--993

 []


Underfull \hbox (badness 10000) in paragraph at lines 994--995

 []


Underfull \hbox (badness 10000) in paragraph at lines 996--998

 []


Underfull \hbox (badness 10000) in paragraph at lines 1001--1002

 []


Underfull \hbox (badness 10000) in paragraph at lines 1007--1008

 []


Underfull \hbox (badness 10000) in paragraph at lines 1011--1037

 []


Underfull \hbox (badness 10000) in paragraph at lines 1011--1037

 []

[31]
Underfull \hbox (badness 10000) in paragraph at lines 1039--1044

 []


Underfull \hbox (badness 10000) in paragraph at lines 1039--1044

 []


Underfull \hbox (badness 10000) in paragraph at lines 1039--1044

 []


Underfull \vbox (badness 10000) has occurred while \output is active []

 [32]
Underfull \hbox (badness 10000) in paragraph at lines 1054--1066

 []


Underfull \hbox (badness 10000) in paragraph at lines 1054--1066

 []


Underfull \hbox (badness 10000) in paragraph at lines 1067--1069

 []


Underfull \hbox (badness 10000) in paragraph at lines 1070--1072

 []


Underfull \hbox (badness 10000) in paragraph at lines 1075--1076

 []


Underfull \hbox (badness 10000) in paragraph at lines 1081--1082

 []


Underfull \hbox (badness 10000) in paragraph at lines 1083--1095

 []


Underfull \hbox (badness 10000) in paragraph at lines 1083--1095

 []

[33]
Underfull \hbox (badness 10000) in paragraph at lines 1096--1098

 []


Underfull \hbox (badness 10000) in paragraph at lines 1099--1101

 []


Underfull \hbox (badness 10000) in paragraph at lines 1104--1105

 []


Underfull \hbox (badness 10000) in paragraph at lines 1110--1111

 []


Underfull \hbox (badness 10000) in paragraph at lines 1112--1114

 []


Underfull \hbox (badness 10000) in paragraph at lines 1115--1118

 []


Underfull \hbox (badness 10000) in paragraph at lines 1127--1129

 []


Underfull \hbox (badness 10000) in paragraph at lines 1130--1132

 []


Underfull \hbox (badness 10000) in paragraph at lines 1134--1136

 []


Underfull \hbox (badness 10000) in paragraph at lines 1143--1146

 []


Underfull \hbox (badness 10000) in paragraph at lines 1147--1149

 []

[34]
Underfull \hbox (badness 10000) in paragraph at lines 1150--1152

 []


Underfull \hbox (badness 10000) in paragraph at lines 1154--1156

 []


Underfull \hbox (badness 10000) in paragraph at lines 1164--1166

 []


Underfull \hbox (badness 10000) in paragraph at lines 1167--1169

 []


Underfull \hbox (badness 10000) in paragraph at lines 1171--1173

 []


Underfull \hbox (badness 10000) in paragraph at lines 1181--1183

 []


Underfull \hbox (badness 10000) in paragraph at lines 1184--1186

 []


Underfull \hbox (badness 10000) in paragraph at lines 1188--1192

 []


Underfull \hbox (badness 10000) in paragraph at lines 1199--1201

 []


Underfull \hbox (badness 10000) in paragraph at lines 1202--1204

 []


Underfull \hbox (badness 10000) in paragraph at lines 1205--1207

 []

[35]
Underfull \hbox (badness 10000) in paragraph at lines 1209--1213

 []


Underfull \hbox (badness 10000) in paragraph at lines 1221--1223

 []


Underfull \hbox (badness 10000) in paragraph at lines 1224--1226

 []


Underfull \hbox (badness 10000) in paragraph at lines 1228--1232

 []


Underfull \hbox (badness 10000) in paragraph at lines 1240--1242

 []


Underfull \hbox (badness 10000) in paragraph at lines 1243--1245

 []


Underfull \hbox (badness 10000) in paragraph at lines 1249--1250

 []


Underfull \hbox (badness 10000) in paragraph at lines 1254--1256

 []


Underfull \hbox (badness 10000) in paragraph at lines 1257--1259

 []


Underfull \hbox (badness 10000) in paragraph at lines 1261--1263

 []

[36]
Underfull \hbox (badness 10000) in paragraph at lines 1271--1273

 []


Underfull \hbox (badness 10000) in paragraph at lines 1274--1277

 []


Underfull \hbox (badness 10000) in paragraph at lines 1286--1288

 []


Underfull \hbox (badness 10000) in paragraph at lines 1289--1300

 []


Underfull \hbox (badness 10000) in paragraph at lines 1308--1314

 []

[37]) [38]
Chapter 2.
[39


]
\openout2 = `Dwarf.aux'.

 (./dwarf.tex
Underfull \hbox (badness 10000) in paragraph at lines 13--15

 []


Underfull \hbox (badness 10000) in paragraph at lines 17--27

 []


Underfull \hbox (badness 10000) in paragraph at lines 17--27

 []


Underfull \hbox (badness 10000) in paragraph at lines 28--29

 []


Underfull \hbox (badness 10000) in paragraph at lines 30--32

 []


Underfull \hbox (badness 10000) in paragraph at lines 35--36

 []


Underfull \hbox (badness 10000) in paragraph at lines 41--42

 []


Underfull \hbox (badness 10000) in paragraph at lines 45--60

 []


Underfull \hbox (badness 10000) in paragraph at lines 45--60

 []

[40

]
Underfull \hbox (badness 10000) in paragraph at lines 62--69

 []


Underfull \hbox (badness 10000) in paragraph at lines 62--69

 []


Underfull \hbox (badness 10000) in paragraph at lines 62--69

 []


Underfull \vbox (badness 10000) has occurred while \output is active []

 [41]
Underfull \hbox (badness 10000) in paragraph at lines 91--95

 []


Underfull \hbox (badness 10000) in paragraph at lines 97--107

 []


Underfull \hbox (badness 10000) in paragraph at lines 97--107

 []


Underfull \hbox (badness 10000) in paragraph at lines 108--109

 []


Underfull \hbox (badness 10000) in paragraph at lines 110--112

 []


Underfull \hbox (badness 10000) in paragraph at lines 115--116

 []


Underfull \hbox (badness 10000) in paragraph at lines 121--122

 []


Underfull \hbox (badness 10000) in paragraph at lines 125--146

 []


Underfull \hbox (badness 10000) in paragraph at lines 125--146

 []

[42]
Underfull \hbox (badness 10000) in paragraph at lines 148--156

 []


Underfull \hbox (badness 10000) in paragraph at lines 148--156

 []


Underfull \hbox (badness 10000) in paragraph at lines 148--156

 []


Underfull \vbox (badness 10000) has occurred while \output is active []

 [43]
Underfull \hbox (badness 10000) in paragraph at lines 178--182

 []


Underfull \hbox (badness 10000) in paragraph at lines 184--195

 []


Underfull \hbox (badness 10000) in paragraph at lines 184--195

 []


Underfull \hbox (badness 10000) in paragraph at lines 196--198

 []


Underfull \hbox (badness 10000) in paragraph at lines 201--203

 []


Underfull \hbox (badness 10000) in paragraph at lines 207--208

 []


Underfull \hbox (badness 10000) in paragraph at lines 211--215

 []

[44]
Underfull \hbox (badness 10000) in paragraph at lines 220--221

 []


Underfull \hbox (badness 10000) in paragraph at lines 224--238

 []


Underfull \hbox (badness 10000) in paragraph at lines 224--238

 []


Underfull \hbox (badness 10000) in paragraph at lines 240--246

 []


Underfull \hbox (badness 10000) in paragraph at lines 240--246

 []


Underfull \hbox (badness 10000) in paragraph at lines 240--246

 []


Underfull \vbox (badness 10000) has occurred while \output is active []

 [45]
Underfull \hbox (badness 10000) in paragraph at lines 268--270

 []


Underfull \hbox (badness 10000) in paragraph at lines 272--282

 []


Underfull \hbox (badness 10000) in paragraph at lines 272--282

 []


Underfull \hbox (badness 10000) in paragraph at lines 283--284

 []


Underfull \hbox (badness 10000) in paragraph at lines 285--286

 []


Underfull \hbox (badness 10000) in paragraph at lines 287--288

 []


Underfull \hbox (badness 10000) in paragraph at lines 291--297

 []


Underfull \hbox (badness 10000) in paragraph at lines 299--308

 []


Underfull \hbox (badness 10000) in paragraph at lines 299--308

 []


Underfull \hbox (badness 10000) in paragraph at lines 299--308

 []

[46]
Underfull \vbox (badness 10000) has occurred while \output is active []

 [47]
Underfull \hbox (badness 10000) in paragraph at lines 330--332

 []


Underfull \hbox (badness 10000) in paragraph at lines 334--344

 []


Underfull \hbox (badness 10000) in paragraph at lines 334--344

 []


Underfull \hbox (badness 10000) in paragraph at lines 345--346

 []


Underfull \hbox (badness 10000) in paragraph at lines 347--349

 []


Underfull \hbox (badness 10000) in paragraph at lines 352--353

 []


Underfull \hbox (badness 10000) in paragraph at lines 358--359

 []


Underfull \hbox (badness 10000) in paragraph at lines 362--375

 []


Underfull \hbox (badness 10000) in paragraph at lines 362--375

 []

[48]
Underfull \hbox (badness 10000) in paragraph at lines 377--388

 []


Underfull \hbox (badness 10000) in paragraph at lines 377--388

 []


Underfull \hbox (badness 10000) in paragraph at lines 377--388

 []


Underfull \hbox (badness 10000) in paragraph at lines 377--388

 []


Underfull \vbox (badness 10000) has occurred while \output is active []

 [49]
Underfull \hbox (badness 10000) in paragraph at lines 410--413

 []


Underfull \hbox (badness 10000) in paragraph at lines 415--425

 []


Underfull \hbox (badness 10000) in paragraph at lines 415--425

 []


Underfull \hbox (badness 10000) in paragraph at lines 426--427

 []


Underfull \hbox (badness 10000) in paragraph at lines 428--430

 []


Underfull \hbox (badness 10000) in paragraph at lines 433--436

 []


Underfull \hbox (badness 10000) in paragraph at lines 441--442

 []


Underfull \hbox (badness 10000) in paragraph at lines 445--483

 []


Underfull \hbox (badness 10000) in paragraph at lines 445--483

 []

[50] [51]
Underfull \hbox (badness 10000) in paragraph at lines 485--504

 []


Underfull \hbox (badness 10000) in paragraph at lines 485--504

 []


Underfull \hbox (badness 10000) in paragraph at lines 485--504

 []


Underfull \hbox (badness 10000) in paragraph at lines 485--504

 []


Underfull \hbox (badness 10000) in paragraph at lines 485--504

 []


Underfull \vbox (badness 10000) has occurred while \output is active []

 [52]
Underfull \hbox (badness 10000) in paragraph at lines 526--527

 []


Underfull \hbox (badness 10000) in paragraph at lines 529--539

 []


Underfull \hbox (badness 10000) in paragraph at lines 529--539

 []


Underfull \hbox (badness 10000) in paragraph at lines 540--541

 []


Underfull \hbox (badness 10000) in paragraph at lines 542--544

 []


Underfull \hbox (badness 10000) in paragraph at lines 547--549

 []


Underfull \hbox (badness 10000) in paragraph at lines 554--555

 []


Underfull \hbox (badness 10000) in paragraph at lines 558--596

 []


Underfull \hbox (badness 10000) in paragraph at lines 558--596

 []

[53]
Underfull \hbox (badness 10000) in paragraph at lines 598--616

 []


Underfull \hbox (badness 10000) in paragraph at lines 598--616

 []


Underfull \hbox (badness 10000) in paragraph at lines 598--616

 []


Underfull \hbox (badness 10000) in paragraph at lines 598--616

 []


Underfull \hbox (badness 10000) in paragraph at lines 598--616

 []

[54]
Underfull \vbox (badness 10000) has occurred while \output is active []

 [55]
Underfull \hbox (badness 10000) in paragraph at lines 638--641

 []


Underfull \hbox (badness 10000) in paragraph at lines 643--653

 []


Underfull \hbox (badness 10000) in paragraph at lines 643--653

 []


Underfull \hbox (badness 10000) in paragraph at lines 654--655

 []


Underfull \hbox (badness 10000) in paragraph at lines 656--658

 []


Underfull \hbox (badness 10000) in paragraph at lines 661--662

 []


Underfull \hbox (badness 10000) in paragraph at lines 666--667

 []


Underfull \hbox (badness 10000) in paragraph at lines 670--671

 []


Underfull \hbox (badness 10000) in paragraph at lines 675--676

 []


Underfull \hbox (badness 10000) in paragraph at lines 679--680

 []


Underfull \hbox (badness 10000) in paragraph at lines 685--686

 []

[56]
Underfull \hbox (badness 10000) in paragraph at lines 689--725

 []


Underfull \hbox (badness 10000) in paragraph at lines 689--725

 []

[57]
Underfull \hbox (badness 10000) in paragraph at lines 727--746

 []


Underfull \hbox (badness 10000) in paragraph at lines 727--746

 []


Underfull \hbox (badness 10000) in paragraph at lines 727--746

 []


Underfull \hbox (badness 10000) in paragraph at lines 727--746

 []


Underfull \hbox (badness 10000) in paragraph at lines 727--746

 []


Underfull \vbox (badness 10000) has occurred while \output is active []

 [58]
Underfull \hbox (badness 10000) in paragraph at lines 768--774

 []


Underfull \hbox (badness 10000) in paragraph at lines 776--787

 []


Underfull \hbox (badness 10000) in paragraph at lines 776--787

 []


Underfull \hbox (badness 10000) in paragraph at lines 788--789

 []


Underfull \hbox (badness 10000) in paragraph at lines 790--792

 []


Underfull \hbox (badness 10000) in paragraph at lines 795--796

 []


Underfull \hbox (badness 10000) in paragraph at lines 800--801

 []


Underfull \hbox (badness 10000) in paragraph at lines 804--805

 []

[59]
Underfull \hbox (badness 10000) in paragraph at lines 809--810

 []


Underfull \hbox (badness 10000) in paragraph at lines 813--814

 []


Underfull \hbox (badness 10000) in paragraph at lines 819--820

 []


Underfull \hbox (badness 10000) in paragraph at lines 823--836

 []


Underfull \hbox (badness 10000) in paragraph at lines 823--836

 []


Underfull \hbox (badness 10000) in paragraph at lines 838--852

 []


Underfull \hbox (badness 10000) in paragraph at lines 838--852

 []


Underfull \hbox (badness 10000) in paragraph at lines 838--852

 []


Underfull \hbox (badness 10000) in paragraph at lines 838--852

 []

[60]
Underfull \vbox (badness 10000) has occurred while \output is active []

 [61]
Underfull \hbox (badness 10000) in paragraph at lines 874--877

 []


Underfull \hbox (badness 10000) in paragraph at lines 879--889

 []


Underfull \hbox (badness 10000) in paragraph at lines 879--889

 []


Underfull \hbox (badness 10000) in paragraph at lines 890--891

 []


Underfull \hbox (badness 10000) in paragraph at lines 892--894

 []


Underfull \hbox (badness 10000) in paragraph at lines 897--899

 []


Underfull \hbox (badness 10000) in paragraph at lines 904--905

 []


Underfull \hbox (badness 10000) in paragraph at lines 908--920

 []


Underfull \hbox (badness 10000) in paragraph at lines 908--920

 []

[62]
Underfull \hbox (badness 10000) in paragraph at lines 922--928

 []


Underfull \hbox (badness 10000) in paragraph at lines 922--928

 []


Underfull \vbox (badness 10000) has occurred while \output is active []

 [63]
Underfull \hbox (badness 10000) in paragraph at lines 938--948

 []


Underfull \hbox (badness 10000) in paragraph at lines 938--948

 []


Underfull \hbox (badness 10000) in paragraph at lines 949--952

 []


Underfull \hbox (badness 10000) in paragraph at lines 953--955

 []


Underfull \hbox (badness 10000) in paragraph at lines 958--959

 []


Underfull \hbox (badness 10000) in paragraph at lines 964--965

 []


Underfull \hbox (badness 10000) in paragraph at lines 966--976

 []


Underfull \hbox (badness 10000) in paragraph at lines 966--976

 []


Underfull \hbox (badness 10000) in paragraph at lines 977--980

 []

[64]
Underfull \hbox (badness 10000) in paragraph at lines 981--983

 []


Underfull \hbox (badness 10000) in paragraph at lines 986--987

 []


Underfull \hbox (badness 10000) in paragraph at lines 992--993

 []


Underfull \hbox (badness 10000) in paragraph at lines 994--996

 []


Underfull \hbox (badness 10000) in paragraph at lines 997--1000

 []


Underfull \hbox (badness 10000) in paragraph at lines 1002--1003

 []


Underfull \hbox (badness 10000) in paragraph at lines 1006--1011

 []


Underfull \hbox (badness 10000) in paragraph at lines 1015--1017

 []


Underfull \hbox (badness 10000) in paragraph at lines 1018--1020

 []


Underfull \hbox (badness 10000) in paragraph at lines 1024--1029

 []


Underfull \hbox (badness 10000) in paragraph at lines 1033--1035

 []

[65]
Underfull \hbox (badness 10000) in paragraph at lines 1036--1038

 []


Underfull \hbox (badness 10000) in paragraph at lines 1042--1049

 []


Underfull \hbox (badness 10000) in paragraph at lines 1053--1055

 []


Underfull \hbox (badness 10000) in paragraph at lines 1056--1059

 []


Underfull \hbox (badness 10000) in paragraph at lines 1063--1066

 []


Underfull \hbox (badness 10000) in paragraph at lines 1070--1072

 []


Underfull \hbox (badness 10000) in paragraph at lines 1073--1076

 []


Underfull \hbox (badness 10000) in paragraph at lines 1085--1087

 []


Underfull \hbox (badness 10000) in paragraph at lines 1088--1090

 []


Underfull \hbox (badness 10000) in paragraph at lines 1092--1093

 []


Underfull \hbox (badness 10000) in paragraph at lines 1101--1103

 []

[66]
Underfull \hbox (badness 10000) in paragraph at lines 1104--1106

 []


Underfull \hbox (badness 10000) in paragraph at lines 1108--1110

 []


Underfull \hbox (badness 10000) in paragraph at lines 1118--1120

 []


Underfull \hbox (badness 10000) in paragraph at lines 1121--1127

 []


Underfull \hbox (badness 10000) in paragraph at lines 1136--1138

 []


Underfull \hbox (badness 10000) in paragraph at lines 1139--1143

 []


Underfull \hbox (badness 10000) in paragraph at lines 1152--1154

 []


Underfull \hbox (badness 10000) in paragraph at lines 1155--1157

 []


Underfull \hbox (badness 10000) in paragraph at lines 1159--1161

 []

[67]
Underfull \hbox (badness 10000) in paragraph at lines 1169--1171

 []


Underfull \hbox (badness 10000) in paragraph at lines 1172--1174

 []


Underfull \hbox (badness 10000) in paragraph at lines 1176--1177

 []


Underfull \hbox (badness 10000) in paragraph at lines 1185--1187

 []


Underfull \hbox (badness 10000) in paragraph at lines 1188--1190

 []


Underfull \hbox (badness 10000) in paragraph at lines 1192--1193

 []


Underfull \hbox (badness 10000) in paragraph at lines 1201--1203

 []


Underfull \hbox (badness 10000) in paragraph at lines 1204--1206

 []


Underfull \hbox (badness 10000) in paragraph at lines 1208--1209

 []


Underfull \hbox (badness 10000) in paragraph at lines 1217--1219

 []


Underfull \hbox (badness 10000) in paragraph at lines 1220--1222

 []


Underfull \hbox (badness 10000) in paragraph at lines 1224--1225

 []

[68]
Underfull \hbox (badness 10000) in paragraph at lines 1233--1235

 []


Underfull \hbox (badness 10000) in paragraph at lines 1236--1238

 []


Underfull \hbox (badness 10000) in paragraph at lines 1240--1242

 []


Underfull \hbox (badness 10000) in paragraph at lines 1250--1252

 []


Underfull \hbox (badness 10000) in paragraph at lines 1253--1255

 []


Underfull \hbox (badness 10000) in paragraph at lines 1257--1259

 []


Underfull \hbox (badness 10000) in paragraph at lines 1267--1269

 []


Underfull \hbox (badness 10000) in paragraph at lines 1270--1272

 []


Underfull \hbox (badness 10000) in paragraph at lines 1276--1281

 []


Underfull \hbox (badness 10000) in paragraph at lines 1285--1287

 []


Underfull \hbox (badness 10000) in paragraph at lines 1288--1297

 []

[69]
Underfull \hbox (badness 10000) in paragraph at lines 1305--1308

 []

) [70]
Chapter 3.
[71


]
\openout2 = `Ork.aux'.

 (./ork.tex
Underfull \hbox (badness 10000) in paragraph at lines 13--19

 []


Underfull \hbox (badness 10000) in paragraph at lines 21--32

 []


Underfull \hbox (badness 10000) in paragraph at lines 21--32

 []


Underfull \hbox (badness 10000) in paragraph at lines 33--34

 []


Underfull \hbox (badness 10000) in paragraph at lines 35--37

 []


Underfull \hbox (badness 10000) in paragraph at lines 40--43

 []

[72

]
Underfull \hbox (badness 10000) in paragraph at lines 48--49

 []


Underfull \hbox (badness 10000) in paragraph at lines 52--56

 []


Underfull \hbox (badness 10000) in paragraph at lines 58--72

 []


Underfull \hbox (badness 10000) in paragraph at lines 58--72

 []


Underfull \vbox (badness 10000) has occurred while \output is active []

 [73]
Underfull \hbox (badness 10000) in paragraph at lines 94--95

 []


Underfull \hbox (badness 10000) in paragraph at lines 97--108

 []


Underfull \hbox (badness 10000) in paragraph at lines 97--108

 []


Underfull \hbox (badness 10000) in paragraph at lines 109--110

 []


Underfull \hbox (badness 10000) in paragraph at lines 111--112

 []


Underfull \hbox (badness 10000) in paragraph at lines 113--114

 []


Underfull \hbox (badness 10000) in paragraph at lines 117--121

 []


Underfull \hbox (badness 10000) in paragraph at lines 117--121

 []


Underfull \hbox (badness 10000) in paragraph at lines 123--127

 []


Underfull \hbox (badness 10000) in paragraph at lines 123--127

 []

[74]
Underfull \vbox (badness 10000) has occurred while \output is active []

 [75]
Underfull \hbox (badness 10000) in paragraph at lines 149--150

 []


Underfull \hbox (badness 10000) in paragraph at lines 152--163

 []


Underfull \hbox (badness 10000) in paragraph at lines 152--163

 []


Underfull \hbox (badness 10000) in paragraph at lines 164--165

 []


Underfull \hbox (badness 10000) in paragraph at lines 166--167

 []


Underfull \hbox (badness 10000) in paragraph at lines 168--169

 []


Underfull \hbox (badness 10000) in paragraph at lines 172--186

 []


Underfull \hbox (badness 10000) in paragraph at lines 172--186

 []

[76]
Underfull \hbox (badness 10000) in paragraph at lines 188--197

 []


Underfull \hbox (badness 10000) in paragraph at lines 188--197

 []


Underfull \hbox (badness 10000) in paragraph at lines 188--197

 []


Underfull \vbox (badness 10000) has occurred while \output is active []

 [77]
Underfull \hbox (badness 10000) in paragraph at lines 221--233

 []


Underfull \hbox (badness 10000) in paragraph at lines 221--233

 []


Underfull \hbox (badness 10000) in paragraph at lines 234--237

 []


Underfull \hbox (badness 10000) in paragraph at lines 238--240

 []


Underfull \hbox (badness 10000) in paragraph at lines 243--248

 []

[78]
Underfull \hbox (badness 10000) in paragraph at lines 252--253

 []


Underfull \hbox (badness 10000) in paragraph at lines 259--260

 []


Underfull \hbox (badness 10000) in paragraph at lines 263--265

 []


Underfull \hbox (badness 10000) in paragraph at lines 270--271

 []


Underfull \hbox (badness 10000) in paragraph at lines 274--294

 []


Underfull \hbox (badness 10000) in paragraph at lines 274--294

 []

[79]
Underfull \hbox (badness 10000) in paragraph at lines 296--314

 []


Underfull \hbox (badness 10000) in paragraph at lines 296--314

 []


Underfull \hbox (badness 10000) in paragraph at lines 296--314

 []


Underfull \hbox (badness 10000) in paragraph at lines 296--314

 []


Underfull \hbox (badness 10000) in paragraph at lines 296--314

 []


Underfull \vbox (badness 10000) has occurred while \output is active []

 [80]
Underfull \hbox (badness 10000) in paragraph at lines 338--349

 []


Underfull \hbox (badness 10000) in paragraph at lines 338--349

 []


Underfull \hbox (badness 10000) in paragraph at lines 350--352

 []


Underfull \hbox (badness 10000) in paragraph at lines 353--355

 []


Underfull \hbox (badness 10000) in paragraph at lines 358--361

 []

[81]
Underfull \hbox (badness 10000) in paragraph at lines 366--367

 []


Underfull \hbox (badness 10000) in paragraph at lines 370--401

 []


Underfull \hbox (badness 10000) in paragraph at lines 370--401

 []


Underfull \hbox (badness 10000) in paragraph at lines 403--421

 []


Underfull \hbox (badness 10000) in paragraph at lines 403--421

 []


Underfull \hbox (badness 10000) in paragraph at lines 403--421

 []


Underfull \hbox (badness 10000) in paragraph at lines 403--421

 []


Underfull \hbox (badness 10000) in paragraph at lines 403--421

 []

[82]
Underfull \vbox (badness 10000) has occurred while \output is active []

 [83]
Underfull \hbox (badness 10000) in paragraph at lines 443--445

 []


Underfull \hbox (badness 10000) in paragraph at lines 447--458

 []


Underfull \hbox (badness 10000) in paragraph at lines 447--458

 []


Underfull \hbox (badness 10000) in paragraph at lines 459--460

 []


Underfull \hbox (badness 10000) in paragraph at lines 461--462

 []


Underfull \hbox (badness 10000) in paragraph at lines 463--464

 []


Underfull \hbox (badness 10000) in paragraph at lines 467--471

 []


Underfull \hbox (badness 10000) in paragraph at lines 473--480

 []


Underfull \hbox (badness 10000) in paragraph at lines 473--480

 []


Underfull \hbox (badness 10000) in paragraph at lines 473--480

 []

[84]
Underfull \vbox (badness 10000) has occurred while \output is active []

 [85]
Underfull \hbox (badness 10000) in paragraph at lines 502--504

 []


Underfull \hbox (badness 10000) in paragraph at lines 506--517

 []


Underfull \hbox (badness 10000) in paragraph at lines 506--517

 []


Underfull \hbox (badness 10000) in paragraph at lines 518--519

 []


Underfull \hbox (badness 10000) in paragraph at lines 520--522

 []


Underfull \hbox (badness 10000) in paragraph at lines 525--526

 []


Underfull \hbox (badness 10000) in paragraph at lines 531--532

 []


Underfull \hbox (badness 10000) in paragraph at lines 535--551

 []


Underfull \hbox (badness 10000) in paragraph at lines 535--551

 []

[86]
Underfull \hbox (badness 10000) in paragraph at lines 553--560

 []


Underfull \hbox (badness 10000) in paragraph at lines 553--560

 []


Underfull \hbox (badness 10000) in paragraph at lines 553--560

 []


Underfull \vbox (badness 10000) has occurred while \output is active []

 [87]
Underfull \hbox (badness 10000) in paragraph at lines 582--584

 []


Underfull \hbox (badness 10000) in paragraph at lines 586--597

 []


Underfull \hbox (badness 10000) in paragraph at lines 586--597

 []


Underfull \hbox (badness 10000) in paragraph at lines 598--599

 []


Underfull \hbox (badness 10000) in paragraph at lines 600--602

 []


Underfull \hbox (badness 10000) in paragraph at lines 605--606

 []


Underfull \hbox (badness 10000) in paragraph at lines 611--612

 []


Underfull \hbox (badness 10000) in paragraph at lines 615--631

 []


Underfull \hbox (badness 10000) in paragraph at lines 615--631

 []

[88]
Underfull \hbox (badness 10000) in paragraph at lines 633--641

 []


Underfull \hbox (badness 10000) in paragraph at lines 633--641

 []


Underfull \hbox (badness 10000) in paragraph at lines 633--641

 []


Underfull \vbox (badness 10000) has occurred while \output is active []

 [89]
Underfull \hbox (badness 10000) in paragraph at lines 665--676

 []


Underfull \hbox (badness 10000) in paragraph at lines 665--676

 []


Underfull \hbox (badness 10000) in paragraph at lines 677--679

 []


Underfull \hbox (badness 10000) in paragraph at lines 680--682

 []


Underfull \hbox (badness 10000) in paragraph at lines 685--687

 []


Underfull \hbox (badness 10000) in paragraph at lines 691--692

 []


Underfull \hbox (badness 10000) in paragraph at lines 695--696

 []


Underfull \hbox (badness 10000) in paragraph at lines 701--702

 []


Underfull \hbox (badness 10000) in paragraph at lines 705--750

 []


Underfull \hbox (badness 10000) in paragraph at lines 705--750

 []

[90] [91]
Underfull \hbox (badness 10000) in paragraph at lines 752--771

 []


Underfull \hbox (badness 10000) in paragraph at lines 752--771

 []


Underfull \hbox (badness 10000) in paragraph at lines 752--771

 []


Underfull \hbox (badness 10000) in paragraph at lines 752--771

 []


Underfull \hbox (badness 10000) in paragraph at lines 752--771

 []


Underfull \vbox (badness 10000) has occurred while \output is active []

 [92]
Underfull \hbox (badness 10000) in paragraph at lines 781--792

 []


Underfull \hbox (badness 10000) in paragraph at lines 781--792

 []


Underfull \hbox (badness 10000) in paragraph at lines 793--795

 []


Underfull \hbox (badness 10000) in paragraph at lines 796--797

 []


Underfull \hbox (badness 10000) in paragraph at lines 798--799

 []


Underfull \hbox (badness 10000) in paragraph at lines 800--811

 []


Underfull \hbox (badness 10000) in paragraph at lines 800--811

 []

[93]
Underfull \hbox (badness 10000) in paragraph at lines 812--814

 []


Underfull \hbox (badness 10000) in paragraph at lines 815--817

 []


Underfull \hbox (badness 10000) in paragraph at lines 820--821

 []


Underfull \hbox (badness 10000) in paragraph at lines 826--827

 []


Underfull \hbox (badness 10000) in paragraph at lines 828--830

 []


Underfull \hbox (badness 10000) in paragraph at lines 831--834

 []


Underfull \hbox (badness 10000) in paragraph at lines 838--841

 []


Underfull \hbox (badness 10000) in paragraph at lines 845--847

 []


Underfull \hbox (badness 10000) in paragraph at lines 848--851

 []


Underfull \hbox (badness 10000) in paragraph at lines 855--858

 []


Underfull \hbox (badness 10000) in paragraph at lines 861--864

 []

[94]
Underfull \hbox (badness 10000) in paragraph at lines 865--867

 []


Underfull \hbox (badness 10000) in paragraph at lines 868--870

 []


Underfull \hbox (badness 10000) in paragraph at lines 874--877

 []


Underfull \hbox (badness 10000) in paragraph at lines 881--883

 []


Underfull \hbox (badness 10000) in paragraph at lines 884--886

 []


Underfull \hbox (badness 10000) in paragraph at lines 890--891

 []


Underfull \hbox (badness 10000) in paragraph at lines 895--897

 []


Underfull \hbox (badness 10000) in paragraph at lines 898--901

 []


Underfull \hbox (badness 10000) in paragraph at lines 910--912

 []


Underfull \hbox (badness 10000) in paragraph at lines 913--915

 []

[95]
Underfull \hbox (badness 10000) in paragraph at lines 919--922

 []


Underfull \hbox (badness 10000) in paragraph at lines 926--928

 []


Underfull \hbox (badness 10000) in paragraph at lines 929--931

 []


Underfull \hbox (badness 10000) in paragraph at lines 935--940

 []


Underfull \hbox (badness 10000) in paragraph at lines 944--946

 []


Underfull \hbox (badness 10000) in paragraph at lines 947--949

 []


Overfull \hbox (8.7954pt too wide) in paragraph at lines 951--955
\OT1/cmr/m/n/12 1-handed weapon. In-fantry may com-bine pis-tol with an-other 1
-handed weapon. 
 []


Underfull \hbox (badness 10000) in paragraph at lines 951--955

 []


Underfull \hbox (badness 10000) in paragraph at lines 962--967

 []


Underfull \hbox (badness 10000) in paragraph at lines 968--970

 []

[96]
Underfull \hbox (badness 10000) in paragraph at lines 971--973

 []


Underfull \hbox (badness 10000) in paragraph at lines 975--981

 []


Underfull \hbox (badness 10000) in paragraph at lines 988--990

 []


Underfull \hbox (badness 10000) in paragraph at lines 991--993

 []


Underfull \hbox (badness 10000) in paragraph at lines 994--996

 []


Underfull \hbox (badness 10000) in paragraph at lines 998--1000

 []


Underfull \hbox (badness 10000) in paragraph at lines 1008--1010

 []


Underfull \hbox (badness 10000) in paragraph at lines 1011--1015

 []

[97]
Underfull \hbox (badness 10000) in paragraph at lines 1024--1026

 []


Underfull \hbox (badness 10000) in paragraph at lines 1027--1029

 []


Underfull \hbox (badness 10000) in paragraph at lines 1031--1034

 []


Underfull \hbox (badness 10000) in paragraph at lines 1042--1044

 []


Underfull \hbox (badness 10000) in paragraph at lines 1045--1047

 []


Underfull \hbox (badness 10000) in paragraph at lines 1051--1052

 []


Underfull \hbox (badness 10000) in paragraph at lines 1056--1058

 []


Underfull \hbox (badness 10000) in paragraph at lines 1059--1062

 []

[98]
Underfull \hbox (badness 10000) in paragraph at lines 1071--1073

 []


Underfull \hbox (badness 10000) in paragraph at lines 1074--1076

 []


Underfull \hbox (badness 10000) in paragraph at lines 1078--1080

 []


Underfull \hbox (badness 10000) in paragraph at lines 1088--1090

 []


Underfull \hbox (badness 10000) in paragraph at lines 1091--1093

 []


Underfull \hbox (badness 10000) in paragraph at lines 1095--1099

 []


Underfull \hbox (badness 10000) in paragraph at lines 1106--1110

 []

) [99] [100]
Chapter 4.
[101


]
\openout2 = `Gnome.aux'.

 (./gnome.tex
Underfull \hbox (badness 10000) in paragraph at lines 13--14

 []


Underfull \hbox (badness 10000) in paragraph at lines 16--26

 []


Underfull \hbox (badness 10000) in paragraph at lines 16--26

 []


Underfull \hbox (badness 10000) in paragraph at lines 27--28

 []


Underfull \hbox (badness 10000) in paragraph at lines 29--31

 []


Underfull \hbox (badness 10000) in paragraph at lines 34--35

 []


Underfull \hbox (badness 10000) in paragraph at lines 39--40

 []


Underfull \hbox (badness 10000) in paragraph at lines 43--46

 []


Underfull \hbox (badness 10000) in paragraph at lines 51--52

 []


Underfull \hbox (badness 10000) in paragraph at lines 55--73

 []


Underfull \hbox (badness 10000) in paragraph at lines 55--73

 []

[102

]
Underfull \hbox (badness 10000) in paragraph at lines 75--82

 []


Underfull \hbox (badness 10000) in paragraph at lines 75--82

 []


Underfull \hbox (badness 10000) in paragraph at lines 75--82

 []


Underfull \vbox (badness 10000) has occurred while \output is active []

 [103]
Underfull \hbox (badness 10000) in paragraph at lines 106--117

 []


Underfull \hbox (badness 10000) in paragraph at lines 106--117

 []


Underfull \hbox (badness 10000) in paragraph at lines 118--120

 []


Underfull \hbox (badness 10000) in paragraph at lines 123--124

 []


Underfull \hbox (badness 10000) in paragraph at lines 128--129

 []


Underfull \hbox (badness 10000) in paragraph at lines 132--135

 []


Underfull \hbox (badness 10000) in paragraph at lines 140--141

 []


Underfull \hbox (badness 10000) in paragraph at lines 144--175

 []


Underfull \hbox (badness 10000) in paragraph at lines 144--175

 []

[104]
Underfull \hbox (badness 10000) in paragraph at lines 177--184

 []


Underfull \hbox (badness 10000) in paragraph at lines 177--184

 []


Underfull \hbox (badness 10000) in paragraph at lines 177--184

 []

[105]
Underfull \vbox (badness 10000) has occurred while \output is active []

 [106]
Underfull \hbox (badness 10000) in paragraph at lines 206--207

 []


Underfull \hbox (badness 10000) in paragraph at lines 209--219

 []


Underfull \hbox (badness 10000) in paragraph at lines 209--219

 []


Underfull \hbox (badness 10000) in paragraph at lines 220--222

 []


Underfull \hbox (badness 10000) in paragraph at lines 223--224

 []


Underfull \hbox (badness 10000) in paragraph at lines 225--226

 []


Underfull \hbox (badness 10000) in paragraph at lines 229--232

 []


Underfull \hbox (badness 10000) in paragraph at lines 234--240

 []


Underfull \hbox (badness 10000) in paragraph at lines 234--240

 []


Underfull \hbox (badness 10000) in paragraph at lines 234--240

 []

[107]
Underfull \vbox (badness 10000) has occurred while \output is active []

 [108]
Underfull \hbox (badness 10000) in paragraph at lines 262--263

 []


Underfull \hbox (badness 10000) in paragraph at lines 265--275

 []


Underfull \hbox (badness 10000) in paragraph at lines 265--275

 []


Underfull \hbox (badness 10000) in paragraph at lines 276--278

 []


Underfull \hbox (badness 10000) in paragraph at lines 279--280

 []


Underfull \hbox (badness 10000) in paragraph at lines 281--282

 []


Underfull \hbox (badness 10000) in paragraph at lines 285--288

 []


Underfull \hbox (badness 10000) in paragraph at lines 290--293

 []


Underfull \hbox (badness 10000) in paragraph at lines 290--293

 []


Underfull \vbox (badness 2452) has occurred while \output is active []

 [109]
Underfull \hbox (badness 10000) in paragraph at lines 315--316

 []


Underfull \hbox (badness 10000) in paragraph at lines 318--328

 []


Underfull \hbox (badness 10000) in paragraph at lines 318--328

 []


Underfull \hbox (badness 10000) in paragraph at lines 329--330

 []


Underfull \hbox (badness 10000) in paragraph at lines 331--333

 []


Underfull \hbox (badness 10000) in paragraph at lines 336--338

 []


Underfull \hbox (badness 10000) in paragraph at lines 343--344

 []


Underfull \hbox (badness 10000) in paragraph at lines 347--367

 []


Underfull \hbox (badness 10000) in paragraph at lines 347--367

 []

[110]
Underfull \hbox (badness 10000) in paragraph at lines 369--375

 []


Underfull \hbox (badness 10000) in paragraph at lines 369--375

 []


Underfull \hbox (badness 10000) in paragraph at lines 369--375

 []


Underfull \vbox (badness 10000) has occurred while \output is active []

 [111]
Underfull \hbox (badness 10000) in paragraph at lines 399--409

 []


Underfull \hbox (badness 10000) in paragraph at lines 399--409

 []


Underfull \hbox (badness 10000) in paragraph at lines 410--411

 []


Underfull \hbox (badness 10000) in paragraph at lines 412--414

 []


Underfull \hbox (badness 10000) in paragraph at lines 417--418

 []


Underfull \hbox (badness 10000) in paragraph at lines 423--424

 []


Underfull \hbox (badness 10000) in paragraph at lines 427--443

 []


Underfull \hbox (badness 10000) in paragraph at lines 427--443

 []

[112]
Underfull \hbox (badness 10000) in paragraph at lines 445--454

 []


Underfull \hbox (badness 10000) in paragraph at lines 445--454

 []


Underfull \hbox (badness 10000) in paragraph at lines 445--454

 []


Underfull \vbox (badness 10000) has occurred while \output is active []

 [113]
Underfull \hbox (badness 10000) in paragraph at lines 476--477

 []


Underfull \hbox (badness 10000) in paragraph at lines 479--489

 []


Underfull \hbox (badness 10000) in paragraph at lines 479--489

 []


Underfull \hbox (badness 10000) in paragraph at lines 490--491

 []


Underfull \hbox (badness 10000) in paragraph at lines 492--494

 []


Underfull \hbox (badness 10000) in paragraph at lines 497--498

 []


Underfull \hbox (badness 10000) in paragraph at lines 502--503

 []


Underfull \hbox (badness 10000) in paragraph at lines 504--506

 []


Underfull \hbox (badness 10000) in paragraph at lines 512--513

 []


Underfull \hbox (badness 10000) in paragraph at lines 516--543

 []


Underfull \hbox (badness 10000) in paragraph at lines 516--543

 []

[114]
Underfull \hbox (badness 10000) in paragraph at lines 545--564

 []


Underfull \hbox (badness 10000) in paragraph at lines 545--564

 []


Underfull \hbox (badness 10000) in paragraph at lines 545--564

 []


Underfull \hbox (badness 10000) in paragraph at lines 545--564

 []


Underfull \hbox (badness 10000) in paragraph at lines 545--564

 []

[115]
Underfull \vbox (badness 10000) has occurred while \output is active []

 [116]
Underfull \hbox (badness 10000) in paragraph at lines 586--587

 []


Underfull \hbox (badness 10000) in paragraph at lines 589--599

 []


Underfull \hbox (badness 10000) in paragraph at lines 589--599

 []


Underfull \hbox (badness 10000) in paragraph at lines 600--601

 []


Underfull \hbox (badness 10000) in paragraph at lines 602--604

 []


Underfull \hbox (badness 10000) in paragraph at lines 607--609

 []


Underfull \hbox (badness 10000) in paragraph at lines 614--615

 []


Underfull \hbox (badness 10000) in paragraph at lines 618--645

 []


Underfull \hbox (badness 10000) in paragraph at lines 618--645

 []

[117]
Underfull \hbox (badness 10000) in paragraph at lines 647--666

 []


Underfull \hbox (badness 10000) in paragraph at lines 647--666

 []


Underfull \hbox (badness 10000) in paragraph at lines 647--666

 []


Underfull \hbox (badness 10000) in paragraph at lines 647--666

 []


Underfull \hbox (badness 10000) in paragraph at lines 647--666

 []

[118]
Underfull \vbox (badness 10000) has occurred while \output is active []

 [119]
Underfull \hbox (badness 10000) in paragraph at lines 688--689

 []


Underfull \hbox (badness 10000) in paragraph at lines 691--701

 []


Underfull \hbox (badness 10000) in paragraph at lines 691--701

 []


Underfull \hbox (badness 10000) in paragraph at lines 702--703

 []


Underfull \hbox (badness 10000) in paragraph at lines 704--706

 []


Underfull \hbox (badness 10000) in paragraph at lines 709--710

 []


Underfull \hbox (badness 10000) in paragraph at lines 714--715

 []


Underfull \hbox (badness 10000) in paragraph at lines 718--719

 []


Underfull \hbox (badness 10000) in paragraph at lines 724--725

 []


Underfull \hbox (badness 10000) in paragraph at lines 728--755

 []


Underfull \hbox (badness 10000) in paragraph at lines 728--755

 []

[120]
Underfull \hbox (badness 10000) in paragraph at lines 757--776

 []


Underfull \hbox (badness 10000) in paragraph at lines 757--776

 []


Underfull \hbox (badness 10000) in paragraph at lines 757--776

 []


Underfull \hbox (badness 10000) in paragraph at lines 757--776

 []


Underfull \hbox (badness 10000) in paragraph at lines 757--776

 []

[121]
Underfull \vbox (badness 10000) has occurred while \output is active []

 [122]
Underfull \hbox (badness 10000) in paragraph at lines 798--800

 []


Underfull \hbox (badness 10000) in paragraph at lines 802--814

 []


Underfull \hbox (badness 10000) in paragraph at lines 802--814

 []


Underfull \hbox (badness 10000) in paragraph at lines 815--817

 []


Underfull \hbox (badness 10000) in paragraph at lines 820--822

 []


Underfull \hbox (badness 10000) in paragraph at lines 826--827

 []


Underfull \hbox (badness 10000) in paragraph at lines 830--834

 []

[123]
Underfull \hbox (badness 10000) in paragraph at lines 839--840

 []


Underfull \hbox (badness 10000) in paragraph at lines 843--877

 []


Underfull \hbox (badness 10000) in paragraph at lines 843--877

 []

[124]
Underfull \hbox (badness 10000) in paragraph at lines 879--889

 []


Underfull \hbox (badness 10000) in paragraph at lines 879--889

 []


Underfull \hbox (badness 10000) in paragraph at lines 879--889

 []


Underfull \hbox (badness 10000) in paragraph at lines 879--889

 []


Underfull \vbox (badness 10000) has occurred while \output is active []

 [125]
Underfull \hbox (badness 10000) in paragraph at lines 899--911

 []


Underfull \hbox (badness 10000) in paragraph at lines 899--911

 []


Underfull \hbox (badness 10000) in paragraph at lines 912--914

 []


Underfull \hbox (badness 10000) in paragraph at lines 917--919

 []


Underfull \hbox (badness 10000) in paragraph at lines 923--924

 []


Underfull \hbox (badness 10000) in paragraph at lines 927--931

 []


Underfull \hbox (badness 10000) in paragraph at lines 936--937

 []


Underfull \hbox (badness 10000) in paragraph at lines 938--948

 []


Underfull \hbox (badness 10000) in paragraph at lines 938--948

 []

[126]
Underfull \hbox (badness 10000) in paragraph at lines 949--952

 []


Underfull \hbox (badness 10000) in paragraph at lines 953--955

 []


Underfull \hbox (badness 10000) in paragraph at lines 958--959

 []


Underfull \hbox (badness 10000) in paragraph at lines 963--964

 []


Underfull \hbox (badness 10000) in paragraph at lines 967--970

 []


Underfull \hbox (badness 10000) in paragraph at lines 974--975

 []


Underfull \hbox (badness 10000) in paragraph at lines 978--982

 []


Underfull \hbox (badness 10000) in paragraph at lines 986--987

 []


Underfull \hbox (badness 10000) in paragraph at lines 990--994

 []

[127]
Underfull \hbox (badness 10000) in paragraph at lines 998--999

 []


Underfull \hbox (badness 10000) in paragraph at lines 1002--1005

 []


Underfull \hbox (badness 10000) in paragraph at lines 1010--1011

 []


Underfull \hbox (badness 10000) in paragraph at lines 1012--1022

 []


Underfull \hbox (badness 10000) in paragraph at lines 1012--1022

 []


Underfull \hbox (badness 10000) in paragraph at lines 1023--1025

 []


Underfull \hbox (badness 10000) in paragraph at lines 1026--1028

 []


Underfull \hbox (badness 10000) in paragraph at lines 1031--1032

 []


Underfull \hbox (badness 10000) in paragraph at lines 1036--1037

 []


Underfull \hbox (badness 10000) in paragraph at lines 1040--1043

 []

[128]
Underfull \hbox (badness 10000) in paragraph at lines 1048--1049

 []


Underfull \hbox (badness 10000) in paragraph at lines 1050--1052

 []


Underfull \hbox (badness 10000) in paragraph at lines 1053--1055

 []


Underfull \hbox (badness 10000) in paragraph at lines 1057--1060

 []


Underfull \hbox (badness 10000) in paragraph at lines 1068--1070

 []


Underfull \hbox (badness 10000) in paragraph at lines 1071--1074

 []


Underfull \hbox (badness 10000) in paragraph at lines 1083--1085

 []


Underfull \hbox (badness 10000) in paragraph at lines 1086--1088

 []


Underfull \hbox (badness 10000) in paragraph at lines 1090--1092

 []


Underfull \hbox (badness 10000) in paragraph at lines 1099--1101

 []

[129]
Underfull \hbox (badness 10000) in paragraph at lines 1102--1104

 []


Underfull \hbox (badness 10000) in paragraph at lines 1105--1107

 []


Underfull \hbox (badness 10000) in paragraph at lines 1109--1114

 []


Underfull \hbox (badness 10000) in paragraph at lines 1122--1124

 []


Underfull \hbox (badness 10000) in paragraph at lines 1125--1127

 []


Underfull \hbox (badness 10000) in paragraph at lines 1129--1132

 []


Underfull \hbox (badness 10000) in paragraph at lines 1140--1142

 []


Underfull \hbox (badness 10000) in paragraph at lines 1143--1145

 []


Underfull \hbox (badness 10000) in paragraph at lines 1147--1149

 []

[130]
Underfull \hbox (badness 10000) in paragraph at lines 1157--1159

 []


Underfull \hbox (badness 10000) in paragraph at lines 1160--1162

 []


Underfull \hbox (badness 10000) in paragraph at lines 1164--1166

 []


Underfull \hbox (badness 10000) in paragraph at lines 1174--1176

 []


Underfull \hbox (badness 10000) in paragraph at lines 1177--1181

 []


Underfull \hbox (badness 10000) in paragraph at lines 1190--1192

 []


Underfull \hbox (badness 10000) in paragraph at lines 1193--1197

 []


Underfull \hbox (badness 10000) in paragraph at lines 1206--1208

 []


Underfull \hbox (badness 10000) in paragraph at lines 1209--1212

 []

[131]
Underfull \hbox (badness 10000) in paragraph at lines 1221--1223

 []


Underfull \hbox (badness 10000) in paragraph at lines 1224--1228

 []


Underfull \hbox (badness 10000) in paragraph at lines 1232--1235

 []

) [132]
Package atveryend Info: Empty hook `BeforeClearDocument' on input line 42.
Package atveryend Info: Empty hook `AfterLastShipout' on input line 42.
 (./armies.aux (./darkelf.aux) (./Dwarf.aux) (./Ork.aux) (./Gnome.aux))
Package atveryend Info: Executing hook `AtVeryEndDocument' on input line 42.
Package atveryend Info: Executing hook `AtEndAfterFileList' on input line 42.
Package rerunfilecheck Info: File `armies.out' has not changed.
(rerunfilecheck)             Checksum: 08AD3BA71050557D0C4D277C147C613F;7683.
Package atveryend Info: Empty hook `AtVeryVeryEnd' on input line 42.
 ) 
Here is how much of TeX's memory you used:
 9912 strings out of 481239
 137884 string characters out of 5920378
 376670 words of memory out of 5000000
 24877 multiletter control sequences out of 15000+600000
 538494 words of font info for 44 fonts, out of 8000000 for 9000
 1141 hyphenation exceptions out of 8191
 54i,6n,37p,703b,660s stack positions out of 5000i,500n,10000p,200000b,80000s
{/usr/share/texmf/fonts/enc/dvips/cm-super/cm-super-ts1.enc}</usr/share/texli
ve/texmf-dist/fonts/type1/public/amsfonts/cm/cmbx12.pfb></usr/share/texlive/tex
mf-dist/fonts/type1/public/amsfonts/cm/cmr12.pfb></usr/share/texlive/texmf-dist
/fonts/type1/public/amsfonts/cm/cmr17.pfb></usr/share/texlive/texmf-dist/fonts/
type1/public/amsfonts/cm/cmr8.pfb></usr/share/texlive/texmf-dist/fonts/type1/pu
blic/amsfonts/cm/cmsl12.pfb></usr/share/texlive/texmf-dist/fonts/type1/public/a
msfonts/cm/cmsy10.pfb></usr/share/texmf/fonts/type1/public/cm-super/sfrm1200.pf
b>
Output written on armies.pdf (132 pages, 204739 bytes).
PDF statistics:
 958 PDF objects out of 1000 (max. 8388607)
 808 compressed objects within 9 object streams
 187 named destinations out of 1000 (max. 500000)
 425 words of extra memory for PDF output out of 10000 (max. 10000000)

