\BOOKMARK [0][-]{chapter.1}{\376\377\000G\000n\000o\000m\000e\000s\000:\000\040\000H\000e\000l\000i\000c\000o\000p\000t\000e\000r\000\040\000A\000s\000s\000a\000u\000l\000t}{}% 1
\BOOKMARK [1][-]{section.1.1}{\376\377\000\040\000G\000n\000o\000m\000e\000\040\000H\000e\000l\000i\000c\000o\000p\000t\000e\000r\000\040}{chapter.1}% 2
\BOOKMARK [1][-]{section.1.2}{\376\377\000\040\000G\000r\000e\000e\000n\000\040\000H\000e\000l\000l\000\040\000R\000i\000d\000e\000r\000s\000\040}{chapter.1}% 3
\BOOKMARK [1][-]{section.1.3}{\376\377\000\040\000P\000l\000a\000s\000m\000a\000S\000h\000i\000e\000l\000d\000\040\000R\000i\000d\000e\000r\000s\000\040}{chapter.1}% 4
\BOOKMARK [1][-]{section.1.4}{\376\377\000\040\000G\000n\000o\000m\000e\000\040\000I\000n\000f\000a\000n\000t\000r\000y\000\040\0001\000\040}{chapter.1}% 5
\BOOKMARK [1][-]{section.1.5}{\376\377\000\040\000A\000s\000s\000a\000u\000l\000t\000\040\000B\000o\000t\000s\000\040\0001\000\040}{chapter.1}% 6
\BOOKMARK [1][-]{section.1.6}{\376\377\000\040\000M\000e\000c\000h\000a\000n\000i\000c\000a\000l\000\040\000R\000a\000t\000\040\0001\000\040}{chapter.1}% 7
\BOOKMARK [0][-]{chapter.2}{\376\377\000D\000w\000a\000r\000f\000s\000:\000\040\000S\000t\000e\000a\000m\000P\000o\000w\000e\000r\000A\000r\000m\000o\000r\000\040\000w\000i\000t\000h\000\040\000B\000a\000l\000r\000o\000g\000\040\000A\000s\000s\000a\000u\000l\000t\000.\000t\000e\000x}{}% 8
\BOOKMARK [1][-]{section.2.1}{\376\377\000\040\000S\000t\000e\000a\000m\000P\000o\000w\000e\000r\000A\000r\000m\000o\000r\000\040}{chapter.2}% 9
\BOOKMARK [1][-]{section.2.2}{\376\377\000\040\000T\000a\000m\000e\000d\000\040\000B\000a\000l\000r\000o\000g\000\040}{chapter.2}% 10
\BOOKMARK [1][-]{section.2.3}{\376\377\000\040\000Z\000a\000p\000\040\0001\000\040}{chapter.2}% 11
\BOOKMARK [1][-]{section.2.4}{\376\377\000\040\000D\000w\000a\000r\000f\000\040\000I\000n\000f\000a\000n\000t\000r\000y\000\040}{chapter.2}% 12
\BOOKMARK [0][-]{chapter.3}{\376\377\000O\000r\000k\000:\000\040\000S\000e\000n\000d\000\040\000t\000h\000e\000\040\000T\000r\000o\000l\000l\000s}{}% 13
\BOOKMARK [1][-]{section.3.1}{\376\377\000\040\000T\000r\000o\000l\000l\000\040}{chapter.3}% 14
\BOOKMARK [1][-]{section.3.2}{\376\377\000\040\000P\000o\000w\000e\000r\000S\000p\000e\000a\000r\000\040}{chapter.3}% 15
\BOOKMARK [1][-]{section.3.3}{\376\377\000\040\000G\000r\000e\000n\000a\000d\000e\000S\000l\000i\000n\000g\000\040}{chapter.3}% 16
\BOOKMARK [1][-]{section.3.4}{\376\377\000\040\000B\000a\000t\000t\000l\000e\000W\000a\000g\000o\000n\000\040}{chapter.3}% 17
\BOOKMARK [1][-]{section.3.5}{\376\377\000\040\000C\000r\000u\000s\000h\000i\000n\000g\000\040\000H\000a\000m\000m\000e\000r\000H\000e\000a\000d\000\040}{chapter.3}% 18
\BOOKMARK [1][-]{section.3.6}{\376\377\000\040\000G\000r\000u\000n\000t\000\040}{chapter.3}% 19
\BOOKMARK [0][-]{chapter.4}{\376\377\000E\000l\000f\000\040\000S\000u\000p\000e\000r\000\040\000C\000a\000v\000a\000l\000r\000y}{}% 20
\BOOKMARK [1][-]{section.4.1}{\376\377\000\040\000T\000a\000t\000t\000o\000o\000\040\000I\000n\000k\000\040}{chapter.4}% 21
\BOOKMARK [1][-]{section.4.2}{\376\377\000\040\000A\000r\000m\000o\000r\000e\000d\000\040\000U\000n\000i\000c\000o\000r\000n\000\040\000R\000i\000d\000e\000r\000\040}{chapter.4}% 22
\BOOKMARK [1][-]{section.4.3}{\376\377\000\040\000P\000e\000g\000a\000s\000u\000s\000\040\000R\000i\000d\000e\000r\000s\000\040}{chapter.4}% 23
\BOOKMARK [1][-]{section.4.4}{\376\377\000\040\000P\000a\000c\000h\000y\000c\000e\000p\000h\000a\000l\000o\000s\000a\000u\000r\000s\000\040\000R\000i\000d\000e\000r\000s\000\040}{chapter.4}% 24
\BOOKMARK [1][-]{section.4.5}{\376\377\000\040\000E\000l\000f\000\040\000I\000n\000f\000a\000n\000t\000r\000y\000\040}{chapter.4}% 25
